  [1m[35m (1979.9ms)[0m  [1m[35mCREATE DATABASE "rails_shows_api_development" ENCODING = 'unicode'[0m
  ↳ bin/rails:9
  [1m[35m (1122.3ms)[0m  [1m[35mCREATE DATABASE "rails_shows_api_test" ENCODING = 'unicode'[0m
  ↳ bin/rails:9
  [1m[35m (39.9ms)[0m  [1m[35mCREATE TABLE "schema_migrations" ("version" character varying NOT NULL PRIMARY KEY)[0m
  ↳ bin/rails:9
  [1m[35m (28.3ms)[0m  [1m[35mCREATE TABLE "ar_internal_metadata" ("key" character varying NOT NULL PRIMARY KEY, "value" character varying, "created_at" timestamp NOT NULL, "updated_at" timestamp NOT NULL)[0m
  ↳ bin/rails:9
  [1m[35m (2.1ms)[0m  [1m[34mSELECT pg_try_advisory_lock(8023030761872115990)[0m
  ↳ bin/rails:9
  [1m[35m (4.1ms)[0m  [1m[34mSELECT "schema_migrations"."version" FROM "schema_migrations" ORDER BY "schema_migrations"."version" ASC[0m
  ↳ bin/rails:9
Migrating to CreateUsers (20190603145012)
  [1m[35m (0.2ms)[0m  [1m[35mBEGIN[0m
  ↳ bin/rails:9
  [1m[35m (23.2ms)[0m  [1m[35mCREATE TABLE "users" ("id" bigserial primary key, "username" character varying, "created_at" timestamp NOT NULL, "updated_at" timestamp NOT NULL)[0m
  ↳ db/migrate/20190603145012_create_users.rb:3
  [1m[36mActiveRecord::SchemaMigration Create (2.3ms)[0m  [1m[32mINSERT INTO "schema_migrations" ("version") VALUES ($1) RETURNING "version"[0m  [["version", "20190603145012"]]
  ↳ bin/rails:9
  [1m[35m (0.4ms)[0m  [1m[35mCOMMIT[0m
  ↳ bin/rails:9
Migrating to CreateGigs (20190603145354)
  [1m[35m (11.9ms)[0m  [1m[35mBEGIN[0m
  ↳ bin/rails:9
  [1m[35m (16.1ms)[0m  [1m[35mCREATE TABLE "gigs" ("id" bigserial primary key, "name" character varying, "date" timestamp, "location" character varying, "event_info" text, "tickets_url" character varying, "image_url" character varying, "created_at" timestamp NOT NULL, "updated_at" timestamp NOT NULL)[0m
  ↳ db/migrate/20190603145354_create_gigs.rb:3
  [1m[36mActiveRecord::SchemaMigration Create (0.5ms)[0m  [1m[32mINSERT INTO "schema_migrations" ("version") VALUES ($1) RETURNING "version"[0m  [["version", "20190603145354"]]
  ↳ bin/rails:9
  [1m[35m (0.7ms)[0m  [1m[35mCOMMIT[0m
  ↳ bin/rails:9
Migrating to CreateJoinTableGigsUsers (20190603145443)
  [1m[35m (5.6ms)[0m  [1m[35mBEGIN[0m
  ↳ bin/rails:9
  [1m[35m (6.4ms)[0m  [1m[35mCREATE TABLE "gigs_users" ("gig_id" bigint NOT NULL, "user_id" bigint NOT NULL)[0m
  ↳ db/migrate/20190603145443_create_join_table_gigs_users.rb:3
  [1m[36mActiveRecord::SchemaMigration Create (0.4ms)[0m  [1m[32mINSERT INTO "schema_migrations" ("version") VALUES ($1) RETURNING "version"[0m  [["version", "20190603145443"]]
  ↳ bin/rails:9
  [1m[35m (6.1ms)[0m  [1m[35mCOMMIT[0m
  ↳ bin/rails:9
  [1m[36mActiveRecord::InternalMetadata Load (8.2ms)[0m  [1m[34mSELECT  "ar_internal_metadata".* FROM "ar_internal_metadata" WHERE "ar_internal_metadata"."key" = $1 LIMIT $2[0m  [["key", "environment"], ["LIMIT", 1]]
  ↳ bin/rails:9
  [1m[35m (0.4ms)[0m  [1m[35mBEGIN[0m
  ↳ bin/rails:9
  [1m[36mActiveRecord::InternalMetadata Create (1.2ms)[0m  [1m[32mINSERT INTO "ar_internal_metadata" ("key", "value", "created_at", "updated_at") VALUES ($1, $2, $3, $4) RETURNING "key"[0m  [["key", "environment"], ["value", "development"], ["created_at", "2019-06-03 14:55:04.390928"], ["updated_at", "2019-06-03 14:55:04.390928"]]
  ↳ bin/rails:9
  [1m[35m (0.4ms)[0m  [1m[35mCOMMIT[0m
  ↳ bin/rails:9
  [1m[35m (0.3ms)[0m  [1m[34mSELECT pg_advisory_unlock(8023030761872115990)[0m
  ↳ bin/rails:9
  [1m[35m (0.6ms)[0m  [1m[34mSELECT "schema_migrations"."version" FROM "schema_migrations" ORDER BY "schema_migrations"."version" ASC[0m
  ↳ bin/rails:9
  [1m[35m (12.0ms)[0m  [1m[34mSELECT "schema_migrations"."version" FROM "schema_migrations" ORDER BY "schema_migrations"."version" ASC[0m
  ↳ bin/rails:9
  [1m[35m (0.2ms)[0m  [1m[34mSELECT "schema_migrations"."version" FROM "schema_migrations" ORDER BY "schema_migrations"."version" ASC[0m
  ↳ bin/rails:9
  [1m[35m (0.2ms)[0m  [1m[34mSELECT "schema_migrations"."version" FROM "schema_migrations" ORDER BY "schema_migrations"."version" ASC[0m
  ↳ bin/rails:9
  [1m[35m (6.1ms)[0m  [1m[34mSELECT pg_try_advisory_lock(8023030761872115990)[0m
  ↳ bin/rails:9
  [1m[35m (0.2ms)[0m  [1m[34mSELECT "schema_migrations"."version" FROM "schema_migrations" ORDER BY "schema_migrations"."version" ASC[0m
  ↳ bin/rails:9
Migrating to CreateJoinTableGigsUsers (20190603145443)
  [1m[35m (0.2ms)[0m  [1m[35mBEGIN[0m
  ↳ bin/rails:9
  [1m[35m (21.0ms)[0m  [1m[35mDROP TABLE "gigs_users"[0m
  ↳ bin/rails:9
  [1m[36mActiveRecord::SchemaMigration Destroy (6.3ms)[0m  [1m[31mDELETE FROM "schema_migrations" WHERE "schema_migrations"."version" = $1[0m  [["version", "20190603145443"]]
  ↳ bin/rails:9
  [1m[35m (29.2ms)[0m  [1m[35mCOMMIT[0m
  ↳ bin/rails:9
  [1m[35m (0.3ms)[0m  [1m[34mSELECT pg_advisory_unlock(8023030761872115990)[0m
  ↳ bin/rails:9
  [1m[35m (0.3ms)[0m  [1m[34mSELECT "schema_migrations"."version" FROM "schema_migrations" ORDER BY "schema_migrations"."version" ASC[0m
  ↳ bin/rails:9
  [1m[35m (0.6ms)[0m  [1m[34mSELECT "schema_migrations"."version" FROM "schema_migrations" ORDER BY "schema_migrations"."version" ASC[0m
  ↳ bin/rails:9
  [1m[35m (0.3ms)[0m  [1m[34mSELECT "schema_migrations"."version" FROM "schema_migrations" ORDER BY "schema_migrations"."version" ASC[0m
  ↳ bin/rails:9
  [1m[35m (0.2ms)[0m  [1m[34mSELECT "schema_migrations"."version" FROM "schema_migrations" ORDER BY "schema_migrations"."version" ASC[0m
  ↳ bin/rails:9
  [1m[35m (0.3ms)[0m  [1m[34mSELECT pg_try_advisory_lock(8023030761872115990)[0m
  ↳ bin/rails:9
  [1m[35m (0.2ms)[0m  [1m[34mSELECT "schema_migrations"."version" FROM "schema_migrations" ORDER BY "schema_migrations"."version" ASC[0m
  ↳ bin/rails:9
Migrating to CreateGigs (20190603145354)
  [1m[35m (0.2ms)[0m  [1m[35mBEGIN[0m
  ↳ bin/rails:9
  [1m[35m (41.5ms)[0m  [1m[35mDROP TABLE "gigs"[0m
  ↳ bin/rails:9
  [1m[36mActiveRecord::SchemaMigration Destroy (0.7ms)[0m  [1m[31mDELETE FROM "schema_migrations" WHERE "schema_migrations"."version" = $1[0m  [["version", "20190603145354"]]
  ↳ bin/rails:9
  [1m[35m (36.0ms)[0m  [1m[35mCOMMIT[0m
  ↳ bin/rails:9
  [1m[35m (0.3ms)[0m  [1m[34mSELECT pg_advisory_unlock(8023030761872115990)[0m
  ↳ bin/rails:9
  [1m[35m (0.3ms)[0m  [1m[34mSELECT "schema_migrations"."version" FROM "schema_migrations" ORDER BY "schema_migrations"."version" ASC[0m
  ↳ bin/rails:9
  [1m[35m (0.3ms)[0m  [1m[34mSELECT pg_try_advisory_lock(8023030761872115990)[0m
  ↳ bin/rails:9
  [1m[35m (8.3ms)[0m  [1m[34mSELECT "schema_migrations"."version" FROM "schema_migrations" ORDER BY "schema_migrations"."version" ASC[0m
  ↳ bin/rails:9
Migrating to CreateGigs (20190603145354)
  [1m[35m (0.2ms)[0m  [1m[35mBEGIN[0m
  ↳ bin/rails:9
  [1m[35m (101.2ms)[0m  [1m[35mCREATE TABLE "gigs" ("id" bigserial primary key, "name" character varying, "date" character varying, "location" character varying, "event_info" text, "tickets_url" character varying, "image_url" character varying, "created_at" timestamp NOT NULL, "updated_at" timestamp NOT NULL)[0m
  ↳ db/migrate/20190603145354_create_gigs.rb:3
  [1m[36mActiveRecord::SchemaMigration Create (5.3ms)[0m  [1m[32mINSERT INTO "schema_migrations" ("version") VALUES ($1) RETURNING "version"[0m  [["version", "20190603145354"]]
  ↳ bin/rails:9
  [1m[35m (6.7ms)[0m  [1m[35mCOMMIT[0m
  ↳ bin/rails:9
Migrating to CreateJoinTableGigsUsers (20190603145443)
  [1m[35m (6.2ms)[0m  [1m[35mBEGIN[0m
  ↳ bin/rails:9
  [1m[35m (1.0ms)[0m  [1m[35mCREATE TABLE "gigs_users" ("gig_id" bigint NOT NULL, "user_id" bigint NOT NULL)[0m
  ↳ db/migrate/20190603145443_create_join_table_gigs_users.rb:3
  [1m[36mActiveRecord::SchemaMigration Create (0.4ms)[0m  [1m[32mINSERT INTO "schema_migrations" ("version") VALUES ($1) RETURNING "version"[0m  [["version", "20190603145443"]]
  ↳ bin/rails:9
  [1m[35m (6.3ms)[0m  [1m[35mCOMMIT[0m
  ↳ bin/rails:9
  [1m[36mActiveRecord::InternalMetadata Load (29.4ms)[0m  [1m[34mSELECT  "ar_internal_metadata".* FROM "ar_internal_metadata" WHERE "ar_internal_metadata"."key" = $1 LIMIT $2[0m  [["key", "environment"], ["LIMIT", 1]]
  ↳ bin/rails:9
  [1m[35m (0.2ms)[0m  [1m[35mBEGIN[0m
  ↳ bin/rails:9
  [1m[35m (0.1ms)[0m  [1m[35mCOMMIT[0m
  ↳ bin/rails:9
  [1m[35m (0.2ms)[0m  [1m[34mSELECT pg_advisory_unlock(8023030761872115990)[0m
  ↳ bin/rails:9
  [1m[35m (0.3ms)[0m  [1m[34mSELECT "schema_migrations"."version" FROM "schema_migrations" ORDER BY "schema_migrations"."version" ASC[0m
  ↳ bin/rails:9
  [1m[35m (40.2ms)[0m  [1m[34mSELECT "schema_migrations"."version" FROM "schema_migrations" ORDER BY "schema_migrations"."version" ASC[0m
  ↳ bin/rails:9
  [1m[35m (0.9ms)[0m  [1m[34mSELECT "schema_migrations"."version" FROM "schema_migrations" ORDER BY "schema_migrations"."version" ASC[0m
  ↳ bin/rails:9
  [1m[35m (0.5ms)[0m  [1m[35mBEGIN[0m
  ↳ db/seeds.rb:18
  [1m[36mGig Create (47.0ms)[0m  [1m[32mINSERT INTO "gigs" ("name", "date", "location", "event_info", "tickets_url", "image_url", "created_at", "updated_at") VALUES ($1, $2, $3, $4, $5, $6, $7, $8) RETURNING "id"[0m  [["name", "Battle of the Bands"], ["date", "07/22/2019"], ["location", "Williamsburg"], ["event_info", "This years hottest show"], ["tickets_url", "www.blahblah.com"], ["image_url", "https://static1.squarespace.com/static/5853f25b6b8f5bf3f771d7d4/t/59bcc019c027d81dff08d41d/1505542184892/gigvr_home_page_banner.jpg?format=1500w"], ["created_at", "2019-06-03 15:10:50.974971"], ["updated_at", "2019-06-03 15:10:50.974971"]]
  ↳ db/seeds.rb:18
  [1m[35m (5.0ms)[0m  [1m[35mCOMMIT[0m
  ↳ db/seeds.rb:18
  [1m[35m (0.2ms)[0m  [1m[35mBEGIN[0m
  ↳ db/seeds.rb:27
  [1m[36mUser Create (15.0ms)[0m  [1m[32mINSERT INTO "users" ("username", "created_at", "updated_at") VALUES ($1, $2, $3) RETURNING "id"[0m  [["username", "jackpowisgay"], ["created_at", "2019-06-03 15:10:51.043465"], ["updated_at", "2019-06-03 15:10:51.043465"]]
  ↳ db/seeds.rb:27
  [1m[35m (0.4ms)[0m  [1m[35mCOMMIT[0m
  ↳ db/seeds.rb:27
  [1m[35m (0.2ms)[0m  [1m[35mBEGIN[0m
  ↳ db/seeds.rb:31
  [1m[36mUser::HABTM_Gigs Create (0.5ms)[0m  [1m[32mINSERT INTO "gigs_users" ("gig_id", "user_id") VALUES ($1, $2)[0m  [["gig_id", 1], ["user_id", 1]]
  ↳ db/seeds.rb:31
  [1m[35m (11.9ms)[0m  [1m[35mCOMMIT[0m
  ↳ db/seeds.rb:31
  [1m[35m (13.0ms)[0m  [1m[34mSELECT pg_try_advisory_lock(8023030761872115990)[0m
  ↳ bin/rails:9
  [1m[35m (6.5ms)[0m  [1m[34mSELECT "schema_migrations"."version" FROM "schema_migrations" ORDER BY "schema_migrations"."version" ASC[0m
  ↳ bin/rails:9
  [1m[36mActiveRecord::InternalMetadata Load (9.2ms)[0m  [1m[34mSELECT  "ar_internal_metadata".* FROM "ar_internal_metadata" WHERE "ar_internal_metadata"."key" = $1 LIMIT $2[0m  [["key", "environment"], ["LIMIT", 1]]
  ↳ bin/rails:9
  [1m[35m (0.2ms)[0m  [1m[35mBEGIN[0m
  ↳ bin/rails:9
  [1m[35m (0.1ms)[0m  [1m[35mCOMMIT[0m
  ↳ bin/rails:9
  [1m[35m (0.3ms)[0m  [1m[34mSELECT pg_advisory_unlock(8023030761872115990)[0m
  ↳ bin/rails:9
  [1m[35m (0.3ms)[0m  [1m[34mSELECT "schema_migrations"."version" FROM "schema_migrations" ORDER BY "schema_migrations"."version" ASC[0m
  ↳ bin/rails:9
Started GET "/" for ::1 at 2019-06-03 11:30:32 -0400
  [1m[35m (2.3ms)[0m  [1m[34mSELECT "schema_migrations"."version" FROM "schema_migrations" ORDER BY "schema_migrations"."version" ASC[0m
  ↳ /Users/shaungay/.rbenv/versions/2.6.3/lib/ruby/gems/2.6.0/gems/activerecord-5.2.3/lib/active_record/log_subscriber.rb:98
Processing by Rails::WelcomeController#index as HTML
  Rendering /Users/shaungay/.rbenv/versions/2.6.3/lib/ruby/gems/2.6.0/gems/railties-5.2.3/lib/rails/templates/rails/welcome/index.html.erb
  Rendered /Users/shaungay/.rbenv/versions/2.6.3/lib/ruby/gems/2.6.0/gems/railties-5.2.3/lib/rails/templates/rails/welcome/index.html.erb (3.7ms)
Completed 200 OK in 98ms (Views: 25.5ms | ActiveRecord: 0.0ms)


Started GET "/users" for ::1 at 2019-06-03 11:30:38 -0400
  
NoMethodError (undefined method `make_response!' for UsersController:Class):
  
actionpack (5.2.3) lib/action_dispatch/routing/route_set.rb:33:in `serve'
actionpack (5.2.3) lib/action_dispatch/journey/router.rb:52:in `block in serve'
actionpack (5.2.3) lib/action_dispatch/journey/router.rb:35:in `each'
actionpack (5.2.3) lib/action_dispatch/journey/router.rb:35:in `serve'
actionpack (5.2.3) lib/action_dispatch/routing/route_set.rb:840:in `call'
rack (2.0.7) lib/rack/etag.rb:25:in `call'
rack (2.0.7) lib/rack/conditional_get.rb:25:in `call'
rack (2.0.7) lib/rack/head.rb:12:in `call'
activerecord (5.2.3) lib/active_record/migration.rb:559:in `call'
actionpack (5.2.3) lib/action_dispatch/middleware/callbacks.rb:28:in `block in call'
activesupport (5.2.3) lib/active_support/callbacks.rb:98:in `run_callbacks'
actionpack (5.2.3) lib/action_dispatch/middleware/callbacks.rb:26:in `call'
actionpack (5.2.3) lib/action_dispatch/middleware/executor.rb:14:in `call'
actionpack (5.2.3) lib/action_dispatch/middleware/debug_exceptions.rb:61:in `call'
actionpack (5.2.3) lib/action_dispatch/middleware/show_exceptions.rb:33:in `call'
railties (5.2.3) lib/rails/rack/logger.rb:38:in `call_app'
railties (5.2.3) lib/rails/rack/logger.rb:26:in `block in call'
activesupport (5.2.3) lib/active_support/tagged_logging.rb:71:in `block in tagged'
activesupport (5.2.3) lib/active_support/tagged_logging.rb:28:in `tagged'
activesupport (5.2.3) lib/active_support/tagged_logging.rb:71:in `tagged'
railties (5.2.3) lib/rails/rack/logger.rb:26:in `call'
actionpack (5.2.3) lib/action_dispatch/middleware/remote_ip.rb:81:in `call'
actionpack (5.2.3) lib/action_dispatch/middleware/request_id.rb:27:in `call'
rack (2.0.7) lib/rack/runtime.rb:22:in `call'
activesupport (5.2.3) lib/active_support/cache/strategy/local_cache_middleware.rb:29:in `call'
actionpack (5.2.3) lib/action_dispatch/middleware/executor.rb:14:in `call'
actionpack (5.2.3) lib/action_dispatch/middleware/static.rb:127:in `call'
rack (2.0.7) lib/rack/sendfile.rb:111:in `call'
railties (5.2.3) lib/rails/engine.rb:524:in `call'
puma (3.12.1) lib/puma/configuration.rb:227:in `call'
puma (3.12.1) lib/puma/server.rb:660:in `handle_request'
puma (3.12.1) lib/puma/server.rb:474:in `process_client'
puma (3.12.1) lib/puma/server.rb:334:in `block in run'
puma (3.12.1) lib/puma/thread_pool.rb:135:in `block in spawn_thread'
Started GET "/users" for ::1 at 2019-06-03 11:30:57 -0400
Processing by UsersController#index as HTML
  [1m[36mUser Load (29.5ms)[0m  [1m[34mSELECT "users".* FROM "users"[0m
  ↳ app/controllers/users_controller.rb:4
Completed 200 OK in 58ms (Views: 7.9ms | ActiveRecord: 36.8ms)


Started GET "/gigs" for ::1 at 2019-06-03 11:46:49 -0400
  
LoadError (Unable to autoload constant GigsController, expected /Users/shaungay/Desktop/sei/unit_04/projects/show-host/rails_shows_api/app/controllers/gigs_controller.rb to define it):
  
activesupport (5.2.3) lib/active_support/dependencies.rb:511:in `load_missing_constant'
activesupport (5.2.3) lib/active_support/dependencies.rb:195:in `const_missing'
activesupport (5.2.3) lib/active_support/inflector/methods.rb:283:in `const_get'
activesupport (5.2.3) lib/active_support/inflector/methods.rb:283:in `block in constantize'
activesupport (5.2.3) lib/active_support/inflector/methods.rb:281:in `each'
activesupport (5.2.3) lib/active_support/inflector/methods.rb:281:in `inject'
activesupport (5.2.3) lib/active_support/inflector/methods.rb:281:in `constantize'
activesupport (5.2.3) lib/active_support/dependencies.rb:582:in `get'
activesupport (5.2.3) lib/active_support/dependencies.rb:613:in `constantize'
actionpack (5.2.3) lib/action_dispatch/http/request.rb:88:in `controller_class_for'
actionpack (5.2.3) lib/action_dispatch/http/parameters.rb:101:in `binary_params_for?'
actionpack (5.2.3) lib/action_dispatch/http/parameters.rb:92:in `set_binary_encoding'
actionpack (5.2.3) lib/action_dispatch/http/parameters.rb:69:in `path_parameters='
actionpack (5.2.3) lib/action_dispatch/journey/router.rb:50:in `block in serve'
actionpack (5.2.3) lib/action_dispatch/journey/router.rb:35:in `each'
actionpack (5.2.3) lib/action_dispatch/journey/router.rb:35:in `serve'
actionpack (5.2.3) lib/action_dispatch/routing/route_set.rb:840:in `call'
rack (2.0.7) lib/rack/etag.rb:25:in `call'
rack (2.0.7) lib/rack/conditional_get.rb:25:in `call'
rack (2.0.7) lib/rack/head.rb:12:in `call'
activerecord (5.2.3) lib/active_record/migration.rb:559:in `call'
actionpack (5.2.3) lib/action_dispatch/middleware/callbacks.rb:28:in `block in call'
activesupport (5.2.3) lib/active_support/callbacks.rb:98:in `run_callbacks'
actionpack (5.2.3) lib/action_dispatch/middleware/callbacks.rb:26:in `call'
actionpack (5.2.3) lib/action_dispatch/middleware/executor.rb:14:in `call'
actionpack (5.2.3) lib/action_dispatch/middleware/debug_exceptions.rb:61:in `call'
actionpack (5.2.3) lib/action_dispatch/middleware/show_exceptions.rb:33:in `call'
railties (5.2.3) lib/rails/rack/logger.rb:38:in `call_app'
railties (5.2.3) lib/rails/rack/logger.rb:26:in `block in call'
activesupport (5.2.3) lib/active_support/tagged_logging.rb:71:in `block in tagged'
activesupport (5.2.3) lib/active_support/tagged_logging.rb:28:in `tagged'
activesupport (5.2.3) lib/active_support/tagged_logging.rb:71:in `tagged'
railties (5.2.3) lib/rails/rack/logger.rb:26:in `call'
actionpack (5.2.3) lib/action_dispatch/middleware/remote_ip.rb:81:in `call'
actionpack (5.2.3) lib/action_dispatch/middleware/request_id.rb:27:in `call'
rack (2.0.7) lib/rack/runtime.rb:22:in `call'
activesupport (5.2.3) lib/active_support/cache/strategy/local_cache_middleware.rb:29:in `call'
actionpack (5.2.3) lib/action_dispatch/middleware/executor.rb:14:in `call'
actionpack (5.2.3) lib/action_dispatch/middleware/static.rb:127:in `call'
rack (2.0.7) lib/rack/sendfile.rb:111:in `call'
railties (5.2.3) lib/rails/engine.rb:524:in `call'
puma (3.12.1) lib/puma/configuration.rb:227:in `call'
puma (3.12.1) lib/puma/server.rb:660:in `handle_request'
puma (3.12.1) lib/puma/server.rb:474:in `process_client'
puma (3.12.1) lib/puma/server.rb:334:in `block in run'
puma (3.12.1) lib/puma/thread_pool.rb:135:in `block in spawn_thread'
Started GET "/gigs" for ::1 at 2019-06-03 11:46:58 -0400
Processing by GigsController#index as HTML
  [1m[36mGig Load (34.9ms)[0m  [1m[34mSELECT "gigs".* FROM "gigs"[0m
  ↳ app/controllers/gigs_controller.rb:4
Completed 200 OK in 138ms (Views: 16.1ms | ActiveRecord: 112.8ms)


Started GET "/users" for ::1 at 2019-06-03 11:53:43 -0400
Processing by UsersController#index as HTML
  [1m[36mUser Load (0.8ms)[0m  [1m[34mSELECT "users".* FROM "users"[0m
  ↳ app/controllers/users_controller.rb:4
Completed 200 OK in 68ms (Views: 8.5ms | ActiveRecord: 52.8ms)


Started GET "/users/1" for ::1 at 2019-06-03 11:53:44 -0400
  
AbstractController::ActionNotFound (The action 'show' could not be found for UsersController):
  
actionpack (5.2.3) lib/abstract_controller/base.rb:129:in `process'
actionpack (5.2.3) lib/action_controller/metal.rb:191:in `dispatch'
actionpack (5.2.3) lib/action_controller/metal.rb:252:in `dispatch'
actionpack (5.2.3) lib/action_dispatch/routing/route_set.rb:52:in `dispatch'
actionpack (5.2.3) lib/action_dispatch/routing/route_set.rb:34:in `serve'
actionpack (5.2.3) lib/action_dispatch/journey/router.rb:52:in `block in serve'
actionpack (5.2.3) lib/action_dispatch/journey/router.rb:35:in `each'
actionpack (5.2.3) lib/action_dispatch/journey/router.rb:35:in `serve'
actionpack (5.2.3) lib/action_dispatch/routing/route_set.rb:840:in `call'
rack (2.0.7) lib/rack/etag.rb:25:in `call'
rack (2.0.7) lib/rack/conditional_get.rb:25:in `call'
rack (2.0.7) lib/rack/head.rb:12:in `call'
activerecord (5.2.3) lib/active_record/migration.rb:559:in `call'
actionpack (5.2.3) lib/action_dispatch/middleware/callbacks.rb:28:in `block in call'
activesupport (5.2.3) lib/active_support/callbacks.rb:98:in `run_callbacks'
actionpack (5.2.3) lib/action_dispatch/middleware/callbacks.rb:26:in `call'
actionpack (5.2.3) lib/action_dispatch/middleware/executor.rb:14:in `call'
actionpack (5.2.3) lib/action_dispatch/middleware/debug_exceptions.rb:61:in `call'
actionpack (5.2.3) lib/action_dispatch/middleware/show_exceptions.rb:33:in `call'
railties (5.2.3) lib/rails/rack/logger.rb:38:in `call_app'
railties (5.2.3) lib/rails/rack/logger.rb:26:in `block in call'
activesupport (5.2.3) lib/active_support/tagged_logging.rb:71:in `block in tagged'
activesupport (5.2.3) lib/active_support/tagged_logging.rb:28:in `tagged'
activesupport (5.2.3) lib/active_support/tagged_logging.rb:71:in `tagged'
railties (5.2.3) lib/rails/rack/logger.rb:26:in `call'
actionpack (5.2.3) lib/action_dispatch/middleware/remote_ip.rb:81:in `call'
actionpack (5.2.3) lib/action_dispatch/middleware/request_id.rb:27:in `call'
rack (2.0.7) lib/rack/runtime.rb:22:in `call'
activesupport (5.2.3) lib/active_support/cache/strategy/local_cache_middleware.rb:29:in `call'
actionpack (5.2.3) lib/action_dispatch/middleware/executor.rb:14:in `call'
actionpack (5.2.3) lib/action_dispatch/middleware/static.rb:127:in `call'
rack (2.0.7) lib/rack/sendfile.rb:111:in `call'
railties (5.2.3) lib/rails/engine.rb:524:in `call'
puma (3.12.1) lib/puma/configuration.rb:227:in `call'
puma (3.12.1) lib/puma/server.rb:660:in `handle_request'
puma (3.12.1) lib/puma/server.rb:474:in `process_client'
puma (3.12.1) lib/puma/server.rb:334:in `block in run'
puma (3.12.1) lib/puma/thread_pool.rb:135:in `block in spawn_thread'
Started GET "/users/1" for ::1 at 2019-06-03 11:54:57 -0400
Processing by UsersController#show as HTML
  Parameters: {"id"=>"1"}
  [1m[36mUser Load (24.8ms)[0m  [1m[34mSELECT  "users".* FROM "users" WHERE "users"."id" = $1 LIMIT $2[0m  [["id", 1], ["LIMIT", 1]]
  ↳ app/controllers/users_controller.rb:8
Completed 200 OK in 74ms (Views: 1.1ms | ActiveRecord: 34.5ms)


Started GET "/gigs" for ::1 at 2019-06-03 11:56:43 -0400
Processing by GigsController#index as HTML
  [1m[36mGig Load (1.5ms)[0m  [1m[34mSELECT "gigs".* FROM "gigs"[0m
  ↳ app/controllers/gigs_controller.rb:4
Completed 200 OK in 66ms (Views: 42.0ms | ActiveRecord: 11.9ms)


Started GET "/gigs/1" for ::1 at 2019-06-03 11:56:45 -0400
Processing by GigsController#show as HTML
  Parameters: {"id"=>"1"}
  [1m[36mGig Load (0.4ms)[0m  [1m[34mSELECT  "gigs".* FROM "gigs" WHERE "gigs"."id" = $1 LIMIT $2[0m  [["id", 1], ["LIMIT", 1]]
  ↳ app/controllers/gigs_controller.rb:8
Completed 200 OK in 4ms (Views: 0.6ms | ActiveRecord: 0.4ms)


Started GET "/users" for ::1 at 2019-06-03 11:59:07 -0400
Processing by UsersController#index as HTML
  [1m[36mUser Load (0.9ms)[0m  [1m[34mSELECT "users".* FROM "users"[0m
  ↳ app/controllers/users_controller.rb:4
Completed 200 OK in 35ms (Views: 12.7ms | ActiveRecord: 8.5ms)


Started GET "/users/1" for ::1 at 2019-06-03 11:59:08 -0400
Processing by UsersController#show as HTML
  Parameters: {"id"=>"1"}
  [1m[36mUser Load (0.6ms)[0m  [1m[34mSELECT  "users".* FROM "users" WHERE "users"."id" = $1 LIMIT $2[0m  [["id", 1], ["LIMIT", 1]]
  ↳ app/controllers/users_controller.rb:8
Completed 200 OK in 5ms (Views: 0.6ms | ActiveRecord: 0.6ms)


Started GET "/users/1/gigs/1" for ::1 at 2019-06-03 11:59:12 -0400
Processing by GigsController#show as HTML
  Parameters: {"user_id"=>"1", "id"=>"1"}
  [1m[36mGig Load (0.4ms)[0m  [1m[34mSELECT  "gigs".* FROM "gigs" WHERE "gigs"."id" = $1 LIMIT $2[0m  [["id", 1], ["LIMIT", 1]]
  ↳ app/controllers/gigs_controller.rb:13
Completed 500 Internal Server Error in 33ms (ActiveRecord: 5.4ms)


  
NoMethodError (undefined method `gigs' for nil:NilClass):
  
app/controllers/gigs_controller.rb:14:in `show'
Started GET "/gigs/1/users/" for ::1 at 2019-06-03 12:24:54 -0400
Processing by UsersController#index as HTML
  Parameters: {"gig_id"=>"1"}
  [1m[36mUser Load (31.1ms)[0m  [1m[34mSELECT "users".* FROM "users"[0m
  ↳ app/controllers/users_controller.rb:4
Completed 200 OK in 144ms (Views: 17.6ms | ActiveRecord: 117.0ms)


Started GET "/gigs/1/" for ::1 at 2019-06-03 12:25:04 -0400
Processing by GigsController#show as HTML
  Parameters: {"id"=>"1"}
  [1m[36mGig Load (31.1ms)[0m  [1m[34mSELECT  "gigs".* FROM "gigs" WHERE "gigs"."id" = $1 LIMIT $2[0m  [["id", 1], ["LIMIT", 1]]
  ↳ app/controllers/gigs_controller.rb:8
Completed 200 OK in 62ms (Views: 0.6ms | ActiveRecord: 37.0ms)


Started GET "/gigs/1/users" for ::1 at 2019-06-03 12:25:07 -0400
Processing by UsersController#index as HTML
  Parameters: {"gig_id"=>"1"}
  [1m[36mUser Load (0.5ms)[0m  [1m[34mSELECT "users".* FROM "users"[0m
  ↳ app/controllers/users_controller.rb:4
Completed 200 OK in 3ms (Views: 1.9ms | ActiveRecord: 0.5ms)


Started GET "/gigs/1/users" for ::1 at 2019-06-03 12:26:21 -0400
Processing by UsersController#index as HTML
  Parameters: {"gig_id"=>"1"}
  [1m[36mUser Load (0.8ms)[0m  [1m[34mSELECT "users".* FROM "users"[0m
  ↳ app/controllers/users_controller.rb:4
Completed 200 OK in 30ms (Views: 10.7ms | ActiveRecord: 7.9ms)


Started GET "/gigs/1/users" for ::1 at 2019-06-03 12:26:28 -0400
Processing by UsersController#index as HTML
  Parameters: {"gig_id"=>"1"}
  [1m[36mUser Load (0.8ms)[0m  [1m[34mSELECT "users".* FROM "users"[0m
  ↳ app/controllers/users_controller.rb:4
Completed 200 OK in 3ms (Views: 2.0ms | ActiveRecord: 0.8ms)


Started GET "/gigs/1/users" for ::1 at 2019-06-03 12:26:41 -0400
Processing by UsersController#index as HTML
  Parameters: {"gig_id"=>"1"}
  [1m[36mUser Load (0.4ms)[0m  [1m[34mSELECT "users".* FROM "users"[0m
  ↳ app/controllers/users_controller.rb:4
Completed 200 OK in 17ms (Views: 7.6ms | ActiveRecord: 4.3ms)


Started GET "/gigs/1/users" for ::1 at 2019-06-03 12:26:42 -0400
Processing by UsersController#index as HTML
  Parameters: {"gig_id"=>"1"}
  [1m[36mUser Load (0.5ms)[0m  [1m[34mSELECT "users".* FROM "users"[0m
  ↳ app/controllers/users_controller.rb:4
Completed 200 OK in 2ms (Views: 1.3ms | ActiveRecord: 0.5ms)


Started GET "/gigs/1/users" for ::1 at 2019-06-03 12:26:43 -0400
Processing by UsersController#index as HTML
  Parameters: {"gig_id"=>"1"}
  [1m[36mUser Load (0.6ms)[0m  [1m[34mSELECT "users".* FROM "users"[0m
  ↳ app/controllers/users_controller.rb:4
Completed 200 OK in 3ms (Views: 2.1ms | ActiveRecord: 0.6ms)


Started GET "/gigs/1/users" for ::1 at 2019-06-03 12:26:43 -0400
Processing by UsersController#index as HTML
  Parameters: {"gig_id"=>"1"}
  [1m[36mUser Load (0.4ms)[0m  [1m[34mSELECT "users".* FROM "users"[0m
  ↳ app/controllers/users_controller.rb:4
Completed 200 OK in 2ms (Views: 1.1ms | ActiveRecord: 0.4ms)


Started GET "/gigs/1/users" for ::1 at 2019-06-03 12:26:43 -0400
Processing by UsersController#index as HTML
  Parameters: {"gig_id"=>"1"}
  [1m[36mUser Load (0.4ms)[0m  [1m[34mSELECT "users".* FROM "users"[0m
  ↳ app/controllers/users_controller.rb:4
Completed 200 OK in 2ms (Views: 1.2ms | ActiveRecord: 0.4ms)


Started GET "/gigs/1/users" for ::1 at 2019-06-03 12:26:43 -0400
Processing by UsersController#index as HTML
  Parameters: {"gig_id"=>"1"}
  [1m[36mUser Load (1.2ms)[0m  [1m[34mSELECT "users".* FROM "users"[0m
  ↳ app/controllers/users_controller.rb:4
Completed 200 OK in 3ms (Views: 1.9ms | ActiveRecord: 1.2ms)


Started GET "/gigs/1/users" for ::1 at 2019-06-03 12:26:48 -0400
Processing by UsersController#index as HTML
  Parameters: {"gig_id"=>"1"}
  [1m[36mUser Load (0.4ms)[0m  [1m[34mSELECT "users".* FROM "users"[0m
  ↳ app/controllers/users_controller.rb:4
Completed 200 OK in 23ms (Views: 12.6ms | ActiveRecord: 4.7ms)


Started GET "/gigs/1/users" for ::1 at 2019-06-03 12:26:49 -0400
Processing by UsersController#index as HTML
  Parameters: {"gig_id"=>"1"}
  [1m[36mUser Load (0.6ms)[0m  [1m[34mSELECT "users".* FROM "users"[0m
  ↳ app/controllers/users_controller.rb:4
Completed 200 OK in 2ms (Views: 1.5ms | ActiveRecord: 0.6ms)


Started GET "/gigs/1/users" for ::1 at 2019-06-03 12:26:49 -0400
Processing by UsersController#index as HTML
  Parameters: {"gig_id"=>"1"}
  [1m[36mUser Load (0.4ms)[0m  [1m[34mSELECT "users".* FROM "users"[0m
  ↳ app/controllers/users_controller.rb:4
Completed 200 OK in 2ms (Views: 1.5ms | ActiveRecord: 0.4ms)


Started GET "/gigs/1/users" for ::1 at 2019-06-03 12:26:49 -0400
Processing by UsersController#index as HTML
  Parameters: {"gig_id"=>"1"}
  [1m[36mUser Load (0.3ms)[0m  [1m[34mSELECT "users".* FROM "users"[0m
  ↳ app/controllers/users_controller.rb:4
Completed 200 OK in 2ms (Views: 1.0ms | ActiveRecord: 0.3ms)


Started GET "/gigs/1/users" for ::1 at 2019-06-03 12:26:49 -0400
Processing by UsersController#index as HTML
  Parameters: {"gig_id"=>"1"}
  [1m[36mUser Load (0.6ms)[0m  [1m[34mSELECT "users".* FROM "users"[0m
  ↳ app/controllers/users_controller.rb:4
Completed 200 OK in 3ms (Views: 1.8ms | ActiveRecord: 0.6ms)


Started GET "/gigs/1/users" for ::1 at 2019-06-03 12:26:50 -0400
Processing by UsersController#index as HTML
  Parameters: {"gig_id"=>"1"}
  [1m[36mUser Load (0.9ms)[0m  [1m[34mSELECT "users".* FROM "users"[0m
  ↳ app/controllers/users_controller.rb:4
Completed 200 OK in 3ms (Views: 2.1ms | ActiveRecord: 0.9ms)


Started GET "/gigs/1/users" for ::1 at 2019-06-03 12:26:50 -0400
Processing by UsersController#index as HTML
  Parameters: {"gig_id"=>"1"}
  [1m[36mUser Load (0.3ms)[0m  [1m[34mSELECT "users".* FROM "users"[0m
  ↳ app/controllers/users_controller.rb:4
Completed 200 OK in 2ms (Views: 1.0ms | ActiveRecord: 0.3ms)


Started GET "/gigs/1/users" for ::1 at 2019-06-03 12:28:38 -0400
Processing by UsersController#index as HTML
  Parameters: {"gig_id"=>"1"}
  [1m[36mUser Load (1.0ms)[0m  [1m[34mSELECT "users".* FROM "users"[0m
  ↳ app/controllers/users_controller.rb:4
Completed 200 OK in 39ms (Views: 7.2ms | ActiveRecord: 8.4ms)


Started GET "/gigs/1/users" for ::1 at 2019-06-03 12:28:39 -0400
Processing by UsersController#index as HTML
  Parameters: {"gig_id"=>"1"}
  [1m[36mUser Load (0.5ms)[0m  [1m[34mSELECT "users".* FROM "users"[0m
  ↳ app/controllers/users_controller.rb:4
Completed 200 OK in 2ms (Views: 1.5ms | ActiveRecord: 0.5ms)


  [1m[35m (12.6ms)[0m  [1m[34mSELECT "schema_migrations"."version" FROM "schema_migrations" ORDER BY "schema_migrations"."version" ASC[0m
  ↳ bin/rails:9
  [1m[35m (14.0ms)[0m  [1m[34mSELECT "ar_internal_metadata"."value" FROM "ar_internal_metadata" WHERE "ar_internal_metadata"."key" = $1[0m  [["key", "environment"]]
  ↳ bin/rails:9
  [1m[35m (0.3ms)[0m  [1m[34mSELECT "schema_migrations"."version" FROM "schema_migrations" ORDER BY "schema_migrations"."version" ASC[0m
  ↳ bin/rails:9
  [1m[35m (0.4ms)[0m  [1m[34mSELECT "ar_internal_metadata"."value" FROM "ar_internal_metadata" WHERE "ar_internal_metadata"."key" = $1[0m  [["key", "environment"]]
  ↳ bin/rails:9
  [1m[35m (0.3ms)[0m  [1m[34mSELECT "schema_migrations"."version" FROM "schema_migrations" ORDER BY "schema_migrations"."version" ASC[0m
  ↳ bin/rails:9
  [1m[35m (0.2ms)[0m  [1m[34mSELECT "ar_internal_metadata"."value" FROM "ar_internal_metadata" WHERE "ar_internal_metadata"."key" = $1[0m  [["key", "environment"]]
  ↳ bin/rails:9
  [1m[35m (8194.8ms)[0m  [1m[35mDROP DATABASE IF EXISTS "rails_shows_api_development"[0m
  ↳ bin/rails:9
  [1m[35m (0.8ms)[0m  [1m[34mSELECT "schema_migrations"."version" FROM "schema_migrations" ORDER BY "schema_migrations"."version" ASC[0m
  ↳ bin/rails:9
  [1m[35m (0.6ms)[0m  [1m[34mSELECT "ar_internal_metadata"."value" FROM "ar_internal_metadata" WHERE "ar_internal_metadata"."key" = $1[0m  [["key", "environment"]]
  ↳ bin/rails:9
  [1m[35m (0.2ms)[0m  [1m[34mSELECT "schema_migrations"."version" FROM "schema_migrations" ORDER BY "schema_migrations"."version" ASC[0m
  ↳ bin/rails:9
  [1m[35m (0.2ms)[0m  [1m[34mSELECT "ar_internal_metadata"."value" FROM "ar_internal_metadata" WHERE "ar_internal_metadata"."key" = $1[0m  [["key", "environment"]]
  ↳ bin/rails:9
  [1m[35m (0.2ms)[0m  [1m[34mSELECT "schema_migrations"."version" FROM "schema_migrations" ORDER BY "schema_migrations"."version" ASC[0m
  ↳ bin/rails:9
  [1m[35m (0.2ms)[0m  [1m[34mSELECT "ar_internal_metadata"."value" FROM "ar_internal_metadata" WHERE "ar_internal_metadata"."key" = $1[0m  [["key", "environment"]]
  ↳ bin/rails:9
  [1m[35m (370.4ms)[0m  [1m[35mDROP DATABASE IF EXISTS "rails_shows_api_development"[0m
  ↳ bin/rails:9
  [1m[35m (243.5ms)[0m  [1m[35mDROP DATABASE IF EXISTS "rails_shows_api_test"[0m
  ↳ bin/rails:9
  [1m[35m (1701.0ms)[0m  [1m[35mCREATE DATABASE "rails_shows_api_development" ENCODING = 'unicode'[0m
  ↳ bin/rails:9
  [1m[35m (780.7ms)[0m  [1m[35mCREATE DATABASE "rails_shows_api_test" ENCODING = 'unicode'[0m
  ↳ bin/rails:9
  [1m[35mSQL (4.1ms)[0m  [1m[35mCREATE EXTENSION IF NOT EXISTS "plpgsql"[0m
  ↳ db/schema.rb:16
  [1m[35m (1.5ms)[0m  [1m[35mDROP TABLE IF EXISTS "gigs" CASCADE[0m
  ↳ db/schema.rb:18
  [1m[35m (33.7ms)[0m  [1m[35mCREATE TABLE "gigs" ("id" bigserial primary key, "name" character varying, "date" character varying, "location" character varying, "event_info" text, "tickets_url" character varying, "image_url" character varying, "created_at" timestamp NOT NULL, "updated_at" timestamp NOT NULL)[0m
  ↳ db/schema.rb:18
  [1m[35m (0.6ms)[0m  [1m[35mDROP TABLE IF EXISTS "gigs_users" CASCADE[0m
  ↳ db/schema.rb:29
  [1m[35m (2.1ms)[0m  [1m[35mCREATE TABLE "gigs_users" ("gig_id" bigint NOT NULL, "user_id" bigint NOT NULL)[0m
  ↳ db/schema.rb:29
  [1m[35m (0.4ms)[0m  [1m[35mDROP TABLE IF EXISTS "users" CASCADE[0m
  ↳ db/schema.rb:34
  [1m[35m (6.0ms)[0m  [1m[35mCREATE TABLE "users" ("id" bigserial primary key, "username" character varying, "created_at" timestamp NOT NULL, "updated_at" timestamp NOT NULL)[0m
  ↳ db/schema.rb:34
  [1m[35m (32.6ms)[0m  [1m[35mCREATE TABLE "schema_migrations" ("version" character varying NOT NULL PRIMARY KEY)[0m
  ↳ db/schema.rb:13
  [1m[35m (2.5ms)[0m  [1m[34mSELECT "schema_migrations"."version" FROM "schema_migrations" ORDER BY "schema_migrations"."version" ASC[0m
  ↳ db/schema.rb:13
  [1m[35m (1.6ms)[0m  [1m[32mINSERT INTO "schema_migrations" (version) VALUES (20190603145443)[0m
  ↳ db/schema.rb:13
  [1m[35m (0.3ms)[0m  [1m[32mINSERT INTO "schema_migrations" (version) VALUES
(20190603145012),
(20190603145354);

[0m
  ↳ db/schema.rb:13
  [1m[35m (3.8ms)[0m  [1m[35mCREATE TABLE "ar_internal_metadata" ("key" character varying NOT NULL PRIMARY KEY, "value" character varying, "created_at" timestamp NOT NULL, "updated_at" timestamp NOT NULL)[0m
  ↳ db/schema.rb:13
  [1m[36mActiveRecord::InternalMetadata Load (2.5ms)[0m  [1m[34mSELECT  "ar_internal_metadata".* FROM "ar_internal_metadata" WHERE "ar_internal_metadata"."key" = $1 LIMIT $2[0m  [["key", "environment"], ["LIMIT", 1]]
  ↳ db/schema.rb:13
  [1m[35m (0.3ms)[0m  [1m[35mBEGIN[0m
  ↳ db/schema.rb:13
  [1m[36mActiveRecord::InternalMetadata Create (1.4ms)[0m  [1m[32mINSERT INTO "ar_internal_metadata" ("key", "value", "created_at", "updated_at") VALUES ($1, $2, $3, $4) RETURNING "key"[0m  [["key", "environment"], ["value", "development"], ["created_at", "2019-06-03 16:29:26.487751"], ["updated_at", "2019-06-03 16:29:26.487751"]]
  ↳ db/schema.rb:13
  [1m[35m (0.5ms)[0m  [1m[35mCOMMIT[0m
  ↳ db/schema.rb:13
  [1m[36mActiveRecord::InternalMetadata Load (0.2ms)[0m  [1m[34mSELECT  "ar_internal_metadata".* FROM "ar_internal_metadata" WHERE "ar_internal_metadata"."key" = $1 LIMIT $2[0m  [["key", "environment"], ["LIMIT", 1]]
  ↳ bin/rails:9
  [1m[35m (0.2ms)[0m  [1m[35mBEGIN[0m
  ↳ bin/rails:9
  [1m[35m (0.1ms)[0m  [1m[35mCOMMIT[0m
  ↳ bin/rails:9
  [1m[35mSQL (0.5ms)[0m  [1m[35mCREATE EXTENSION IF NOT EXISTS "plpgsql"[0m
  ↳ db/schema.rb:16
  [1m[35m (0.3ms)[0m  [1m[35mDROP TABLE IF EXISTS "gigs" CASCADE[0m
  ↳ db/schema.rb:18
  [1m[35m (10.3ms)[0m  [1m[35mCREATE TABLE "gigs" ("id" bigserial primary key, "name" character varying, "date" character varying, "location" character varying, "event_info" text, "tickets_url" character varying, "image_url" character varying, "created_at" timestamp NOT NULL, "updated_at" timestamp NOT NULL)[0m
  ↳ db/schema.rb:18
  [1m[35m (0.4ms)[0m  [1m[35mDROP TABLE IF EXISTS "gigs_users" CASCADE[0m
  ↳ db/schema.rb:29
  [1m[35m (1.9ms)[0m  [1m[35mCREATE TABLE "gigs_users" ("gig_id" bigint NOT NULL, "user_id" bigint NOT NULL)[0m
  ↳ db/schema.rb:29
  [1m[35m (0.2ms)[0m  [1m[35mDROP TABLE IF EXISTS "users" CASCADE[0m
  ↳ db/schema.rb:34
  [1m[35m (3.0ms)[0m  [1m[35mCREATE TABLE "users" ("id" bigserial primary key, "username" character varying, "created_at" timestamp NOT NULL, "updated_at" timestamp NOT NULL)[0m
  ↳ db/schema.rb:34
  [1m[35m (3.6ms)[0m  [1m[35mCREATE TABLE "schema_migrations" ("version" character varying NOT NULL PRIMARY KEY)[0m
  ↳ db/schema.rb:13
  [1m[35m (5.5ms)[0m  [1m[34mSELECT "schema_migrations"."version" FROM "schema_migrations" ORDER BY "schema_migrations"."version" ASC[0m
  ↳ db/schema.rb:13
  [1m[35m (0.6ms)[0m  [1m[32mINSERT INTO "schema_migrations" (version) VALUES (20190603145443)[0m
  ↳ db/schema.rb:13
  [1m[35m (0.4ms)[0m  [1m[32mINSERT INTO "schema_migrations" (version) VALUES
(20190603145012),
(20190603145354);

[0m
  ↳ db/schema.rb:13
  [1m[35m (3.6ms)[0m  [1m[35mCREATE TABLE "ar_internal_metadata" ("key" character varying NOT NULL PRIMARY KEY, "value" character varying, "created_at" timestamp NOT NULL, "updated_at" timestamp NOT NULL)[0m
  ↳ db/schema.rb:13
  [1m[36mActiveRecord::InternalMetadata Load (2.2ms)[0m  [1m[34mSELECT  "ar_internal_metadata".* FROM "ar_internal_metadata" WHERE "ar_internal_metadata"."key" = $1 LIMIT $2[0m  [["key", "environment"], ["LIMIT", 1]]
  ↳ db/schema.rb:13
  [1m[35m (0.2ms)[0m  [1m[35mBEGIN[0m
  ↳ db/schema.rb:13
  [1m[36mActiveRecord::InternalMetadata Create (0.4ms)[0m  [1m[32mINSERT INTO "ar_internal_metadata" ("key", "value", "created_at", "updated_at") VALUES ($1, $2, $3, $4) RETURNING "key"[0m  [["key", "environment"], ["value", "development"], ["created_at", "2019-06-03 16:29:26.578737"], ["updated_at", "2019-06-03 16:29:26.578737"]]
  ↳ db/schema.rb:13
  [1m[35m (0.4ms)[0m  [1m[35mCOMMIT[0m
  ↳ db/schema.rb:13
  [1m[36mActiveRecord::InternalMetadata Load (0.2ms)[0m  [1m[34mSELECT  "ar_internal_metadata".* FROM "ar_internal_metadata" WHERE "ar_internal_metadata"."key" = $1 LIMIT $2[0m  [["key", "environment"], ["LIMIT", 1]]
  ↳ bin/rails:9
  [1m[35m (0.1ms)[0m  [1m[35mBEGIN[0m
  ↳ bin/rails:9
  [1m[36mActiveRecord::InternalMetadata Update (0.9ms)[0m  [1m[33mUPDATE "ar_internal_metadata" SET "value" = $1, "updated_at" = $2 WHERE "ar_internal_metadata"."key" = $3[0m  [["value", "test"], ["updated_at", "2019-06-03 16:29:26.582485"], ["key", "environment"]]
  ↳ bin/rails:9
  [1m[35m (0.3ms)[0m  [1m[35mCOMMIT[0m
  ↳ bin/rails:9
  [1m[35m (3.0ms)[0m  [1m[34mSELECT "schema_migrations"."version" FROM "schema_migrations" ORDER BY "schema_migrations"."version" ASC[0m
  ↳ bin/rails:9
  [1m[35m (0.2ms)[0m  [1m[35mBEGIN[0m
  ↳ db/seeds.rb:18
  [1m[36mGig Create (2.6ms)[0m  [1m[32mINSERT INTO "gigs" ("name", "date", "location", "event_info", "tickets_url", "image_url", "created_at", "updated_at") VALUES ($1, $2, $3, $4, $5, $6, $7, $8) RETURNING "id"[0m  [["name", "Battle of the Bands"], ["date", "07/22/2019"], ["location", "Williamsburg"], ["event_info", "This years hottest show"], ["tickets_url", "www.blahblah.com"], ["image_url", "https://static1.squarespace.com/static/5853f25b6b8f5bf3f771d7d4/t/59bcc019c027d81dff08d41d/1505542184892/gigvr_home_page_banner.jpg?format=1500w"], ["created_at", "2019-06-03 16:29:26.696177"], ["updated_at", "2019-06-03 16:29:26.696177"]]
  ↳ db/seeds.rb:18
  [1m[35m (0.4ms)[0m  [1m[35mCOMMIT[0m
  ↳ db/seeds.rb:18
  [1m[35m (0.2ms)[0m  [1m[35mBEGIN[0m
  ↳ db/seeds.rb:27
  [1m[36mUser Create (13.0ms)[0m  [1m[32mINSERT INTO "users" ("username", "created_at", "updated_at") VALUES ($1, $2, $3) RETURNING "id"[0m  [["username", "jackpowisgay"], ["created_at", "2019-06-03 16:29:26.715080"], ["updated_at", "2019-06-03 16:29:26.715080"]]
  ↳ db/seeds.rb:27
  [1m[35m (0.3ms)[0m  [1m[35mCOMMIT[0m
  ↳ db/seeds.rb:27
  [1m[35m (0.2ms)[0m  [1m[35mBEGIN[0m
  ↳ db/seeds.rb:31
  [1m[36mUser Create (0.3ms)[0m  [1m[32mINSERT INTO "users" ("username", "created_at", "updated_at") VALUES ($1, $2, $3) RETURNING "id"[0m  [["username", "jaredhollis"], ["created_at", "2019-06-03 16:29:26.730452"], ["updated_at", "2019-06-03 16:29:26.730452"]]
  ↳ db/seeds.rb:31
  [1m[35m (0.3ms)[0m  [1m[35mCOMMIT[0m
  ↳ db/seeds.rb:31
  [1m[35m (0.2ms)[0m  [1m[35mBEGIN[0m
  ↳ db/seeds.rb:35
  [1m[36mGig::HABTM_Users Create (0.5ms)[0m  [1m[32mINSERT INTO "gigs_users" ("gig_id", "user_id") VALUES ($1, $2)[0m  [["gig_id", 1], ["user_id", 1]]
  ↳ db/seeds.rb:35
  [1m[36mGig::HABTM_Users Create (0.2ms)[0m  [1m[32mINSERT INTO "gigs_users" ("gig_id", "user_id") VALUES ($1, $2)[0m  [["gig_id", 1], ["user_id", 2]]
  ↳ db/seeds.rb:35
  [1m[35m (6.2ms)[0m  [1m[35mCOMMIT[0m
  ↳ db/seeds.rb:35
Started GET "/gigs/" for ::1 at 2019-06-03 12:29:50 -0400
  [1m[35m (2.9ms)[0m  [1m[34mSELECT "schema_migrations"."version" FROM "schema_migrations" ORDER BY "schema_migrations"."version" ASC[0m
  ↳ /Users/shaungay/.rbenv/versions/2.6.3/lib/ruby/gems/2.6.0/gems/activerecord-5.2.3/lib/active_record/log_subscriber.rb:98
Processing by GigsController#index as HTML
  [1m[36mGig Load (21.1ms)[0m  [1m[34mSELECT "gigs".* FROM "gigs"[0m
  ↳ app/controllers/gigs_controller.rb:4
Completed 200 OK in 68ms (Views: 13.4ms | ActiveRecord: 28.7ms)


Started GET "/gigs/1" for ::1 at 2019-06-03 12:29:53 -0400
Processing by GigsController#show as HTML
  Parameters: {"id"=>"1"}
  [1m[36mGig Load (0.6ms)[0m  [1m[34mSELECT  "gigs".* FROM "gigs" WHERE "gigs"."id" = $1 LIMIT $2[0m  [["id", 1], ["LIMIT", 1]]
  ↳ app/controllers/gigs_controller.rb:8
Completed 200 OK in 8ms (Views: 0.9ms | ActiveRecord: 0.9ms)


Started GET "/gigs/1/users" for ::1 at 2019-06-03 12:29:56 -0400
Processing by UsersController#index as HTML
  Parameters: {"gig_id"=>"1"}
  [1m[36mUser Load (60.6ms)[0m  [1m[34mSELECT "users".* FROM "users"[0m
  ↳ app/controllers/users_controller.rb:4
Completed 200 OK in 101ms (Views: 12.6ms | ActiveRecord: 75.5ms)


Started GET "/gigs/1/users" for ::1 at 2019-06-03 12:30:27 -0400
Processing by UsersController#index as HTML
  Parameters: {"gig_id"=>"1"}
  [1m[36mUser Load (0.5ms)[0m  [1m[34mSELECT "users".* FROM "users"[0m
  ↳ app/controllers/users_controller.rb:4
Completed 200 OK in 23ms (Views: 6.8ms | ActiveRecord: 6.0ms)


Started GET "/gigs/1/users" for ::1 at 2019-06-03 12:30:28 -0400
Processing by UsersController#index as HTML
  Parameters: {"gig_id"=>"1"}
  [1m[36mUser Load (0.5ms)[0m  [1m[34mSELECT "users".* FROM "users"[0m
  ↳ app/controllers/users_controller.rb:4
Completed 200 OK in 3ms (Views: 1.9ms | ActiveRecord: 0.5ms)


Started GET "/gigs/1/users" for ::1 at 2019-06-03 12:30:49 -0400
Processing by UsersController#index as HTML
  Parameters: {"gig_id"=>"1"}
  [1m[36mUser Load (0.4ms)[0m  [1m[34mSELECT "users".* FROM "users"[0m
  ↳ app/controllers/users_controller.rb:4
Completed 200 OK in 47ms (Views: 34.0ms | ActiveRecord: 4.9ms)


Started GET "/users/1/gigs" for ::1 at 2019-06-03 12:31:06 -0400
Processing by GigsController#index as HTML
  Parameters: {"user_id"=>"1"}
  [1m[36mGig Load (0.4ms)[0m  [1m[34mSELECT "gigs".* FROM "gigs"[0m
  ↳ app/controllers/gigs_controller.rb:4
Completed 200 OK in 22ms (Views: 11.2ms | ActiveRecord: 4.5ms)


  [1m[35m (1.6ms)[0m  [1m[34mSELECT "schema_migrations"."version" FROM "schema_migrations" ORDER BY "schema_migrations"."version" ASC[0m
  ↳ bin/rails:9
  [1m[35m (26.3ms)[0m  [1m[34mSELECT "ar_internal_metadata"."value" FROM "ar_internal_metadata" WHERE "ar_internal_metadata"."key" = $1[0m  [["key", "environment"]]
  ↳ bin/rails:9
  [1m[35m (0.4ms)[0m  [1m[34mSELECT "schema_migrations"."version" FROM "schema_migrations" ORDER BY "schema_migrations"."version" ASC[0m
  ↳ bin/rails:9
  [1m[35m (0.3ms)[0m  [1m[34mSELECT "ar_internal_metadata"."value" FROM "ar_internal_metadata" WHERE "ar_internal_metadata"."key" = $1[0m  [["key", "environment"]]
  ↳ bin/rails:9
  [1m[35m (0.2ms)[0m  [1m[34mSELECT "schema_migrations"."version" FROM "schema_migrations" ORDER BY "schema_migrations"."version" ASC[0m
  ↳ bin/rails:9
  [1m[35m (0.2ms)[0m  [1m[34mSELECT "ar_internal_metadata"."value" FROM "ar_internal_metadata" WHERE "ar_internal_metadata"."key" = $1[0m  [["key", "environment"]]
  ↳ bin/rails:9
  [1m[35m (206.2ms)[0m  [1m[35mDROP DATABASE IF EXISTS "rails_shows_api_development"[0m
  ↳ bin/rails:9
  [1m[35m (207.8ms)[0m  [1m[35mDROP DATABASE IF EXISTS "rails_shows_api_test"[0m
  ↳ bin/rails:9
  [1m[35m (1010.9ms)[0m  [1m[35mCREATE DATABASE "rails_shows_api_development" ENCODING = 'unicode'[0m
  ↳ bin/rails:9
  [1m[35m (877.4ms)[0m  [1m[35mCREATE DATABASE "rails_shows_api_test" ENCODING = 'unicode'[0m
  ↳ bin/rails:9
  [1m[35mSQL (0.7ms)[0m  [1m[35mCREATE EXTENSION IF NOT EXISTS "plpgsql"[0m
  ↳ db/schema.rb:16
  [1m[35m (0.3ms)[0m  [1m[35mDROP TABLE IF EXISTS "gigs" CASCADE[0m
  ↳ db/schema.rb:18
  [1m[35m (13.6ms)[0m  [1m[35mCREATE TABLE "gigs" ("id" bigserial primary key, "name" character varying, "date" character varying, "location" character varying, "event_info" text, "tickets_url" character varying, "image_url" character varying, "created_at" timestamp NOT NULL, "updated_at" timestamp NOT NULL)[0m
  ↳ db/schema.rb:18
  [1m[35m (0.4ms)[0m  [1m[35mDROP TABLE IF EXISTS "gigs_users" CASCADE[0m
  ↳ db/schema.rb:29
  [1m[35m (2.1ms)[0m  [1m[35mCREATE TABLE "gigs_users" ("gig_id" bigint NOT NULL, "user_id" bigint NOT NULL)[0m
  ↳ db/schema.rb:29
  [1m[35m (0.2ms)[0m  [1m[35mDROP TABLE IF EXISTS "users" CASCADE[0m
  ↳ db/schema.rb:34
  [1m[35m (3.0ms)[0m  [1m[35mCREATE TABLE "users" ("id" bigserial primary key, "username" character varying, "created_at" timestamp NOT NULL, "updated_at" timestamp NOT NULL)[0m
  ↳ db/schema.rb:34
  [1m[35m (25.7ms)[0m  [1m[35mCREATE TABLE "schema_migrations" ("version" character varying NOT NULL PRIMARY KEY)[0m
  ↳ db/schema.rb:13
  [1m[35m (9.0ms)[0m  [1m[34mSELECT "schema_migrations"."version" FROM "schema_migrations" ORDER BY "schema_migrations"."version" ASC[0m
  ↳ db/schema.rb:13
  [1m[35m (12.0ms)[0m  [1m[32mINSERT INTO "schema_migrations" (version) VALUES (20190603145443)[0m
  ↳ db/schema.rb:13
  [1m[35m (6.2ms)[0m  [1m[32mINSERT INTO "schema_migrations" (version) VALUES
(20190603145012),
(20190603145354);

[0m
  ↳ db/schema.rb:13
  [1m[35m (31.7ms)[0m  [1m[35mCREATE TABLE "ar_internal_metadata" ("key" character varying NOT NULL PRIMARY KEY, "value" character varying, "created_at" timestamp NOT NULL, "updated_at" timestamp NOT NULL)[0m
  ↳ db/schema.rb:13
  [1m[36mActiveRecord::InternalMetadata Load (19.8ms)[0m  [1m[34mSELECT  "ar_internal_metadata".* FROM "ar_internal_metadata" WHERE "ar_internal_metadata"."key" = $1 LIMIT $2[0m  [["key", "environment"], ["LIMIT", 1]]
  ↳ db/schema.rb:13
  [1m[35m (0.2ms)[0m  [1m[35mBEGIN[0m
  ↳ db/schema.rb:13
  [1m[36mActiveRecord::InternalMetadata Create (0.5ms)[0m  [1m[32mINSERT INTO "ar_internal_metadata" ("key", "value", "created_at", "updated_at") VALUES ($1, $2, $3, $4) RETURNING "key"[0m  [["key", "environment"], ["value", "development"], ["created_at", "2019-06-03 16:31:38.051286"], ["updated_at", "2019-06-03 16:31:38.051286"]]
  ↳ db/schema.rb:13
  [1m[35m (0.4ms)[0m  [1m[35mCOMMIT[0m
  ↳ db/schema.rb:13
  [1m[36mActiveRecord::InternalMetadata Load (0.3ms)[0m  [1m[34mSELECT  "ar_internal_metadata".* FROM "ar_internal_metadata" WHERE "ar_internal_metadata"."key" = $1 LIMIT $2[0m  [["key", "environment"], ["LIMIT", 1]]
  ↳ bin/rails:9
  [1m[35m (0.2ms)[0m  [1m[35mBEGIN[0m
  ↳ bin/rails:9
  [1m[35m (0.1ms)[0m  [1m[35mCOMMIT[0m
  ↳ bin/rails:9
  [1m[35mSQL (0.5ms)[0m  [1m[35mCREATE EXTENSION IF NOT EXISTS "plpgsql"[0m
  ↳ db/schema.rb:16
  [1m[35m (0.3ms)[0m  [1m[35mDROP TABLE IF EXISTS "gigs" CASCADE[0m
  ↳ db/schema.rb:18
  [1m[35m (13.4ms)[0m  [1m[35mCREATE TABLE "gigs" ("id" bigserial primary key, "name" character varying, "date" character varying, "location" character varying, "event_info" text, "tickets_url" character varying, "image_url" character varying, "created_at" timestamp NOT NULL, "updated_at" timestamp NOT NULL)[0m
  ↳ db/schema.rb:18
  [1m[35m (0.4ms)[0m  [1m[35mDROP TABLE IF EXISTS "gigs_users" CASCADE[0m
  ↳ db/schema.rb:29
  [1m[35m (0.8ms)[0m  [1m[35mCREATE TABLE "gigs_users" ("gig_id" bigint NOT NULL, "user_id" bigint NOT NULL)[0m
  ↳ db/schema.rb:29
  [1m[35m (0.2ms)[0m  [1m[35mDROP TABLE IF EXISTS "users" CASCADE[0m
  ↳ db/schema.rb:34
  [1m[35m (3.3ms)[0m  [1m[35mCREATE TABLE "users" ("id" bigserial primary key, "username" character varying, "created_at" timestamp NOT NULL, "updated_at" timestamp NOT NULL)[0m
  ↳ db/schema.rb:34
  [1m[35m (3.6ms)[0m  [1m[35mCREATE TABLE "schema_migrations" ("version" character varying NOT NULL PRIMARY KEY)[0m
  ↳ db/schema.rb:13
  [1m[35m (3.9ms)[0m  [1m[34mSELECT "schema_migrations"."version" FROM "schema_migrations" ORDER BY "schema_migrations"."version" ASC[0m
  ↳ db/schema.rb:13
  [1m[35m (0.7ms)[0m  [1m[32mINSERT INTO "schema_migrations" (version) VALUES (20190603145443)[0m
  ↳ db/schema.rb:13
  [1m[35m (0.4ms)[0m  [1m[32mINSERT INTO "schema_migrations" (version) VALUES
(20190603145012),
(20190603145354);

[0m
  ↳ db/schema.rb:13
  [1m[35m (2.5ms)[0m  [1m[35mCREATE TABLE "ar_internal_metadata" ("key" character varying NOT NULL PRIMARY KEY, "value" character varying, "created_at" timestamp NOT NULL, "updated_at" timestamp NOT NULL)[0m
  ↳ db/schema.rb:13
  [1m[36mActiveRecord::InternalMetadata Load (3.6ms)[0m  [1m[34mSELECT  "ar_internal_metadata".* FROM "ar_internal_metadata" WHERE "ar_internal_metadata"."key" = $1 LIMIT $2[0m  [["key", "environment"], ["LIMIT", 1]]
  ↳ db/schema.rb:13
  [1m[35m (0.2ms)[0m  [1m[35mBEGIN[0m
  ↳ db/schema.rb:13
  [1m[36mActiveRecord::InternalMetadata Create (0.5ms)[0m  [1m[32mINSERT INTO "ar_internal_metadata" ("key", "value", "created_at", "updated_at") VALUES ($1, $2, $3, $4) RETURNING "key"[0m  [["key", "environment"], ["value", "development"], ["created_at", "2019-06-03 16:31:38.142305"], ["updated_at", "2019-06-03 16:31:38.142305"]]
  ↳ db/schema.rb:13
  [1m[35m (0.3ms)[0m  [1m[35mCOMMIT[0m
  ↳ db/schema.rb:13
  [1m[36mActiveRecord::InternalMetadata Load (0.2ms)[0m  [1m[34mSELECT  "ar_internal_metadata".* FROM "ar_internal_metadata" WHERE "ar_internal_metadata"."key" = $1 LIMIT $2[0m  [["key", "environment"], ["LIMIT", 1]]
  ↳ bin/rails:9
  [1m[35m (0.1ms)[0m  [1m[35mBEGIN[0m
  ↳ bin/rails:9
  [1m[36mActiveRecord::InternalMetadata Update (0.7ms)[0m  [1m[33mUPDATE "ar_internal_metadata" SET "value" = $1, "updated_at" = $2 WHERE "ar_internal_metadata"."key" = $3[0m  [["value", "test"], ["updated_at", "2019-06-03 16:31:38.146325"], ["key", "environment"]]
  ↳ bin/rails:9
  [1m[35m (0.4ms)[0m  [1m[35mCOMMIT[0m
  ↳ bin/rails:9
  [1m[35m (2.5ms)[0m  [1m[34mSELECT "schema_migrations"."version" FROM "schema_migrations" ORDER BY "schema_migrations"."version" ASC[0m
  ↳ bin/rails:9
  [1m[35m (0.2ms)[0m  [1m[35mBEGIN[0m
  ↳ db/seeds.rb:18
  [1m[36mGig Create (3.6ms)[0m  [1m[32mINSERT INTO "gigs" ("name", "date", "location", "event_info", "tickets_url", "image_url", "created_at", "updated_at") VALUES ($1, $2, $3, $4, $5, $6, $7, $8) RETURNING "id"[0m  [["name", "Battle of the Bands"], ["date", "07/22/2019"], ["location", "Williamsburg"], ["event_info", "This years hottest show"], ["tickets_url", "www.blahblah.com"], ["image_url", "https://static1.squarespace.com/static/5853f25b6b8f5bf3f771d7d4/t/59bcc019c027d81dff08d41d/1505542184892/gigvr_home_page_banner.jpg?format=1500w"], ["created_at", "2019-06-03 16:31:38.237097"], ["updated_at", "2019-06-03 16:31:38.237097"]]
  ↳ db/seeds.rb:18
  [1m[35m (0.5ms)[0m  [1m[35mCOMMIT[0m
  ↳ db/seeds.rb:18
  [1m[35m (0.2ms)[0m  [1m[35mBEGIN[0m
  ↳ db/seeds.rb:27
  [1m[36mUser Create (2.5ms)[0m  [1m[32mINSERT INTO "users" ("username", "created_at", "updated_at") VALUES ($1, $2, $3) RETURNING "id"[0m  [["username", "jackpowisgay"], ["created_at", "2019-06-03 16:31:38.255863"], ["updated_at", "2019-06-03 16:31:38.255863"]]
  ↳ db/seeds.rb:27
  [1m[35m (6.3ms)[0m  [1m[35mCOMMIT[0m
  ↳ db/seeds.rb:27
  [1m[35m (0.2ms)[0m  [1m[35mBEGIN[0m
  ↳ db/seeds.rb:31
  [1m[36mUser Create (0.3ms)[0m  [1m[32mINSERT INTO "users" ("username", "created_at", "updated_at") VALUES ($1, $2, $3) RETURNING "id"[0m  [["username", "jaredhollis"], ["created_at", "2019-06-03 16:31:38.266765"], ["updated_at", "2019-06-03 16:31:38.266765"]]
  ↳ db/seeds.rb:31
  [1m[35m (5.1ms)[0m  [1m[35mCOMMIT[0m
  ↳ db/seeds.rb:31
  [1m[35m (0.3ms)[0m  [1m[35mBEGIN[0m
  ↳ db/seeds.rb:35
  [1m[36mGig::HABTM_Users Create (0.6ms)[0m  [1m[32mINSERT INTO "gigs_users" ("gig_id", "user_id") VALUES ($1, $2)[0m  [["gig_id", 1], ["user_id", 1]]
  ↳ db/seeds.rb:35
  [1m[36mGig::HABTM_Users Create (0.3ms)[0m  [1m[32mINSERT INTO "gigs_users" ("gig_id", "user_id") VALUES ($1, $2)[0m  [["gig_id", 1], ["user_id", 2]]
  ↳ db/seeds.rb:35
  [1m[35m (5.9ms)[0m  [1m[35mCOMMIT[0m
  ↳ db/seeds.rb:35
Started GET "/users/1/gigs" for ::1 at 2019-06-03 12:31:50 -0400
  [1m[35m (3.2ms)[0m  [1m[34mSELECT "schema_migrations"."version" FROM "schema_migrations" ORDER BY "schema_migrations"."version" ASC[0m
  ↳ /Users/shaungay/.rbenv/versions/2.6.3/lib/ruby/gems/2.6.0/gems/activerecord-5.2.3/lib/active_record/log_subscriber.rb:98
Processing by GigsController#index as HTML
  Parameters: {"user_id"=>"1"}
  [1m[36mGig Load (22.4ms)[0m  [1m[34mSELECT "gigs".* FROM "gigs"[0m
  ↳ app/controllers/gigs_controller.rb:4
Completed 200 OK in 72ms (Views: 14.3ms | ActiveRecord: 30.9ms)


Started GET "/users" for ::1 at 2019-06-03 12:33:15 -0400
Processing by UsersController#index as HTML
  [1m[36mUser Load (13.1ms)[0m  [1m[34mSELECT "users".* FROM "users"[0m
  ↳ app/controllers/users_controller.rb:4
Completed 200 OK in 61ms (Views: 20.2ms | ActiveRecord: 19.5ms)


Started GET "/gigs" for ::1 at 2019-06-03 12:33:19 -0400
Processing by GigsController#index as HTML
  [1m[36mGig Load (0.7ms)[0m  [1m[34mSELECT "gigs".* FROM "gigs"[0m
  ↳ app/controllers/gigs_controller.rb:4
Completed 200 OK in 4ms (Views: 2.4ms | ActiveRecord: 0.7ms)


Started GET "/gigs/1" for ::1 at 2019-06-03 12:33:38 -0400
Processing by GigsController#show as HTML
  Parameters: {"id"=>"1"}
  [1m[36mGig Load (0.8ms)[0m  [1m[34mSELECT  "gigs".* FROM "gigs" WHERE "gigs"."id" = $1 LIMIT $2[0m  [["id", 1], ["LIMIT", 1]]
  ↳ app/controllers/gigs_controller.rb:8
Completed 200 OK in 16ms (Views: 0.8ms | ActiveRecord: 3.3ms)


Started GET "/gigs/1/users" for ::1 at 2019-06-03 12:33:39 -0400
Processing by UsersController#index as HTML
  Parameters: {"gig_id"=>"1"}
  [1m[36mUser Load (0.7ms)[0m  [1m[34mSELECT "users".* FROM "users"[0m
  ↳ app/controllers/users_controller.rb:4
Completed 200 OK in 3ms (Views: 2.0ms | ActiveRecord: 0.7ms)


Started GET "/gigs/1/users/2" for ::1 at 2019-06-03 12:33:41 -0400
Processing by UsersController#show as HTML
  Parameters: {"gig_id"=>"1", "id"=>"2"}
  [1m[36mUser Load (0.5ms)[0m  [1m[34mSELECT  "users".* FROM "users" WHERE "users"."id" = $1 LIMIT $2[0m  [["id", 2], ["LIMIT", 1]]
  ↳ app/controllers/users_controller.rb:8
Completed 200 OK in 4ms (Views: 0.5ms | ActiveRecord: 0.5ms)


Started GET "/gigs/1/users/3" for ::1 at 2019-06-03 12:33:53 -0400
Processing by UsersController#show as HTML
  Parameters: {"gig_id"=>"1", "id"=>"3"}
  [1m[36mUser Load (0.5ms)[0m  [1m[34mSELECT  "users".* FROM "users" WHERE "users"."id" = $1 LIMIT $2[0m  [["id", 3], ["LIMIT", 1]]
  ↳ app/controllers/users_controller.rb:8
Completed 404 Not Found in 3ms (ActiveRecord: 0.5ms)


  
ActiveRecord::RecordNotFound (Couldn't find User with 'id'=3):
  
app/controllers/users_controller.rb:8:in `show'
Started GET "/users/1/gigs/1" for ::1 at 2019-06-03 12:34:23 -0400
Processing by GigsController#show as HTML
  Parameters: {"user_id"=>"1", "id"=>"1"}
  [1m[36mGig Load (1.2ms)[0m  [1m[34mSELECT  "gigs".* FROM "gigs" WHERE "gigs"."id" = $1 LIMIT $2[0m  [["id", 1], ["LIMIT", 1]]
  ↳ app/controllers/gigs_controller.rb:8
Completed 200 OK in 4ms (Views: 1.1ms | ActiveRecord: 1.2ms)


Started GET "/users/1/gigs/1" for ::1 at 2019-06-03 12:36:58 -0400
Processing by GigsController#show as HTML
  Parameters: {"user_id"=>"1", "id"=>"1"}
  [1m[36mGig Load (0.5ms)[0m  [1m[34mSELECT  "gigs".* FROM "gigs" WHERE "gigs"."id" = $1 LIMIT $2[0m  [["id", 1], ["LIMIT", 1]]
  ↳ app/controllers/gigs_controller.rb:8
Completed 200 OK in 49ms (Views: 3.2ms | ActiveRecord: 13.6ms)


Started GET "/users" for ::1 at 2019-06-03 12:37:01 -0400
  
ActionController::RoutingError (No route matches [GET] "/users"):
  
actionpack (5.2.3) lib/action_dispatch/middleware/debug_exceptions.rb:65:in `call'
actionpack (5.2.3) lib/action_dispatch/middleware/show_exceptions.rb:33:in `call'
railties (5.2.3) lib/rails/rack/logger.rb:38:in `call_app'
railties (5.2.3) lib/rails/rack/logger.rb:26:in `block in call'
activesupport (5.2.3) lib/active_support/tagged_logging.rb:71:in `block in tagged'
activesupport (5.2.3) lib/active_support/tagged_logging.rb:28:in `tagged'
activesupport (5.2.3) lib/active_support/tagged_logging.rb:71:in `tagged'
railties (5.2.3) lib/rails/rack/logger.rb:26:in `call'
actionpack (5.2.3) lib/action_dispatch/middleware/remote_ip.rb:81:in `call'
actionpack (5.2.3) lib/action_dispatch/middleware/request_id.rb:27:in `call'
rack (2.0.7) lib/rack/runtime.rb:22:in `call'
activesupport (5.2.3) lib/active_support/cache/strategy/local_cache_middleware.rb:29:in `call'
actionpack (5.2.3) lib/action_dispatch/middleware/executor.rb:14:in `call'
actionpack (5.2.3) lib/action_dispatch/middleware/static.rb:127:in `call'
rack (2.0.7) lib/rack/sendfile.rb:111:in `call'
railties (5.2.3) lib/rails/engine.rb:524:in `call'
puma (3.12.1) lib/puma/configuration.rb:227:in `call'
puma (3.12.1) lib/puma/server.rb:660:in `handle_request'
puma (3.12.1) lib/puma/server.rb:474:in `process_client'
puma (3.12.1) lib/puma/server.rb:334:in `block in run'
puma (3.12.1) lib/puma/thread_pool.rb:135:in `block in spawn_thread'
Started GET "/users/1/gigs/1" for ::1 at 2019-06-03 12:37:06 -0400
Processing by GigsController#show as HTML
  Parameters: {"user_id"=>"1", "id"=>"1"}
  [1m[36mGig Load (0.5ms)[0m  [1m[34mSELECT  "gigs".* FROM "gigs" WHERE "gigs"."id" = $1 LIMIT $2[0m  [["id", 1], ["LIMIT", 1]]
  ↳ app/controllers/gigs_controller.rb:8
Completed 200 OK in 3ms (Views: 0.6ms | ActiveRecord: 0.5ms)


Started GET "/users/1/gigs/1" for ::1 at 2019-06-03 12:39:36 -0400
Processing by GigsController#show as HTML
  Parameters: {"user_id"=>"1", "id"=>"1"}
  [1m[36mGig Load (0.6ms)[0m  [1m[34mSELECT  "gigs".* FROM "gigs" WHERE "gigs"."id" = $1 LIMIT $2[0m  [["id", 1], ["LIMIT", 1]]
  ↳ app/controllers/gigs_controller.rb:8
Completed 200 OK in 43ms (Views: 2.0ms | ActiveRecord: 9.9ms)


Started GET "/gigs/1/users" for ::1 at 2019-06-03 12:39:52 -0400
Processing by UsersController#index as HTML
  Parameters: {"gig_id"=>"1"}
  [1m[36mUser Load (2.6ms)[0m  [1m[34mSELECT "users".* FROM "users"[0m
  ↳ app/controllers/users_controller.rb:4
Completed 200 OK in 44ms (Views: 21.2ms | ActiveRecord: 8.2ms)


Started POST "/gigs" for ::1 at 2019-06-03 12:47:01 -0400
  
ActionController::RoutingError (undefined local variable or method `t' for GigsController:Class):
  
app/controllers/gigs_controller.rb:25:in `<class:GigsController>'
app/controllers/gigs_controller.rb:1:in `<top (required)>'
Error occurred while parsing request parameters.
Contents:

{
	name: "Rock show",
	date: "09/02/2019",
	location: "Bed Stuy",
	event_info: "Hot new show from the hottest hot rock hot band",
	tickets_url: "www.tickets.com",
	image_url: "www.image.com"
}


Started POST "/gigs" for ::1 at 2019-06-03 12:48:33 -0400
  
ActionController::RoutingError (undefined local variable or method `t' for GigsController:Class):
  
app/controllers/gigs_controller.rb:25:in `<class:GigsController>'
app/controllers/gigs_controller.rb:1:in `<top (required)>'
Error occurred while parsing request parameters.
Contents:

{
	name: "Rock show",
	date: "09/02/2019",
	location: "Bed Stuy",
	event_info: "Hot new show from the hottest hot rock hot band",
	tickets_url: "www.tickets.com",
	image_url: "www.image.com"
}


Started POST "/gigs" for ::1 at 2019-06-03 12:49:01 -0400
Error occurred while parsing request parameters.
Contents:

{
	name: "Rock show",
	date: "09/02/2019",
	location: "Bed Stuy",
	event_info: "Hot new show from the hottest hot rock hot band",
	tickets_url: "www.tickets.com",
	image_url: "www.image.com"
}


  
ActionDispatch::Http::Parameters::ParseError (767: unexpected token at '{
	name: "Rock show",
	date: "09/02/2019",
	location: "Bed Stuy",
	event_info: "Hot new show from the hottest hot rock hot band",
	tickets_url: "www.tickets.com",
	image_url: "www.image.com"
}

'):
  
actionpack (5.2.3) lib/action_dispatch/http/parameters.rb:117:in `rescue in parse_formatted_parameters'
actionpack (5.2.3) lib/action_dispatch/http/parameters.rb:111:in `parse_formatted_parameters'
actionpack (5.2.3) lib/action_dispatch/http/request.rb:381:in `block in POST'
rack (2.0.7) lib/rack/request.rb:59:in `fetch'
rack (2.0.7) lib/rack/request.rb:59:in `fetch_header'
actionpack (5.2.3) lib/action_dispatch/http/request.rb:380:in `POST'
actionpack (5.2.3) lib/action_dispatch/http/parameters.rb:55:in `parameters'
actionpack (5.2.3) lib/action_controller/metal/params_wrapper.rb:290:in `_wrapper_enabled?'
actionpack (5.2.3) lib/action_controller/metal/params_wrapper.rb:244:in `process_action'
activerecord (5.2.3) lib/active_record/railties/controller_runtime.rb:24:in `process_action'
actionpack (5.2.3) lib/abstract_controller/base.rb:134:in `process'
actionpack (5.2.3) lib/action_controller/metal.rb:191:in `dispatch'
actionpack (5.2.3) lib/action_controller/metal.rb:252:in `dispatch'
actionpack (5.2.3) lib/action_dispatch/routing/route_set.rb:52:in `dispatch'
actionpack (5.2.3) lib/action_dispatch/routing/route_set.rb:34:in `serve'
actionpack (5.2.3) lib/action_dispatch/journey/router.rb:52:in `block in serve'
actionpack (5.2.3) lib/action_dispatch/journey/router.rb:35:in `each'
actionpack (5.2.3) lib/action_dispatch/journey/router.rb:35:in `serve'
actionpack (5.2.3) lib/action_dispatch/routing/route_set.rb:840:in `call'
rack (2.0.7) lib/rack/etag.rb:25:in `call'
rack (2.0.7) lib/rack/conditional_get.rb:38:in `call'
rack (2.0.7) lib/rack/head.rb:12:in `call'
activerecord (5.2.3) lib/active_record/migration.rb:559:in `call'
actionpack (5.2.3) lib/action_dispatch/middleware/callbacks.rb:28:in `block in call'
activesupport (5.2.3) lib/active_support/callbacks.rb:98:in `run_callbacks'
actionpack (5.2.3) lib/action_dispatch/middleware/callbacks.rb:26:in `call'
actionpack (5.2.3) lib/action_dispatch/middleware/executor.rb:14:in `call'
actionpack (5.2.3) lib/action_dispatch/middleware/debug_exceptions.rb:61:in `call'
actionpack (5.2.3) lib/action_dispatch/middleware/show_exceptions.rb:33:in `call'
railties (5.2.3) lib/rails/rack/logger.rb:38:in `call_app'
railties (5.2.3) lib/rails/rack/logger.rb:26:in `block in call'
activesupport (5.2.3) lib/active_support/tagged_logging.rb:71:in `block in tagged'
activesupport (5.2.3) lib/active_support/tagged_logging.rb:28:in `tagged'
activesupport (5.2.3) lib/active_support/tagged_logging.rb:71:in `tagged'
railties (5.2.3) lib/rails/rack/logger.rb:26:in `call'
actionpack (5.2.3) lib/action_dispatch/middleware/remote_ip.rb:81:in `call'
actionpack (5.2.3) lib/action_dispatch/middleware/request_id.rb:27:in `call'
rack (2.0.7) lib/rack/runtime.rb:22:in `call'
activesupport (5.2.3) lib/active_support/cache/strategy/local_cache_middleware.rb:29:in `call'
actionpack (5.2.3) lib/action_dispatch/middleware/executor.rb:14:in `call'
actionpack (5.2.3) lib/action_dispatch/middleware/static.rb:127:in `call'
rack (2.0.7) lib/rack/sendfile.rb:111:in `call'
railties (5.2.3) lib/rails/engine.rb:524:in `call'
puma (3.12.1) lib/puma/configuration.rb:227:in `call'
puma (3.12.1) lib/puma/server.rb:660:in `handle_request'
puma (3.12.1) lib/puma/server.rb:474:in `process_client'
puma (3.12.1) lib/puma/server.rb:334:in `block in run'
puma (3.12.1) lib/puma/thread_pool.rb:135:in `block in spawn_thread'
Started POST "/gigs" for ::1 at 2019-06-03 12:53:23 -0400
Processing by GigsController#create as */*
  Parameters: {"name"=>"Rock show", "date"=>"09/02/2019", "location"=>"Bed Stuy", "event_info"=>"Hot new show from the hottest hot rock hot band", "tickets_url"=>"www.tickets.com", "image_url"=>"www.image.com", "gig"=>{"name"=>"Rock show", "date"=>"09/02/2019", "location"=>"Bed Stuy", "event_info"=>"Hot new show from the hottest hot rock hot band", "tickets_url"=>"www.tickets.com", "image_url"=>"www.image.com"}}
  [1m[35m (0.2ms)[0m  [1m[35mBEGIN[0m
  ↳ app/controllers/gigs_controller.rb:16
  [1m[36mGig Create (29.5ms)[0m  [1m[32mINSERT INTO "gigs" ("name", "date", "location", "event_info", "tickets_url", "image_url", "created_at", "updated_at") VALUES ($1, $2, $3, $4, $5, $6, $7, $8) RETURNING "id"[0m  [["name", "Rock show"], ["date", "09/02/2019"], ["location", "Bed Stuy"], ["event_info", "Hot new show from the hottest hot rock hot band"], ["tickets_url", "www.tickets.com"], ["image_url", "www.image.com"], ["created_at", "2019-06-03 16:53:23.758446"], ["updated_at", "2019-06-03 16:53:23.758446"]]
  ↳ app/controllers/gigs_controller.rb:16
  [1m[35m (4.5ms)[0m  [1m[35mCOMMIT[0m
  ↳ app/controllers/gigs_controller.rb:16
  [1m[36mGig Load (4.7ms)[0m  [1m[34mSELECT  "gigs".* FROM "gigs" LIMIT $1[0m  [["LIMIT", 11]]
  ↳ /Users/shaungay/.rbenv/versions/2.6.3/lib/ruby/gems/2.6.0/gems/activerecord-5.2.3/lib/active_record/log_subscriber.rb:98
Completed 500 Internal Server Error in 114ms (ActiveRecord: 206.2ms)


  
  [1m[36mCACHE Gig Load (0.0ms)[0m  [1m[34mSELECT  "gigs".* FROM "gigs" LIMIT $1[0m  [["LIMIT", 11]]
  ↳ /Users/shaungay/.rbenv/versions/2.6.3/lib/ruby/gems/2.6.0/gems/activerecord-5.2.3/lib/active_record/log_subscriber.rb:98
NoMethodError (undefined method `push' for #<Gig::ActiveRecord_Relation:0x00007fd295073c48>):
  
app/controllers/gigs_controller.rb:17:in `create'
  [1m[36mCACHE Gig Load (0.0ms)[0m  [1m[34mSELECT  "gigs".* FROM "gigs" LIMIT $1[0m  [["LIMIT", 11]]
  ↳ /Users/shaungay/.rbenv/versions/2.6.3/lib/ruby/gems/2.6.0/gems/activerecord-5.2.3/lib/active_record/log_subscriber.rb:98
Started POST "/gigs" for ::1 at 2019-06-03 12:55:06 -0400
Processing by GigsController#create as */*
  Parameters: {"name"=>"Rock show", "date"=>"09/02/2019", "location"=>"Bed Stuy", "event_info"=>"Hot new show from the hottest hot rock hot band", "tickets_url"=>"www.tickets.com", "image_url"=>"www.image.com", "gig"=>{"name"=>"Rock show", "date"=>"09/02/2019", "location"=>"Bed Stuy", "event_info"=>"Hot new show from the hottest hot rock hot band", "tickets_url"=>"www.tickets.com", "image_url"=>"www.image.com"}}
  [1m[35m (0.7ms)[0m  [1m[35mBEGIN[0m
  ↳ app/controllers/gigs_controller.rb:16
  [1m[36mGig Create (29.1ms)[0m  [1m[32mINSERT INTO "gigs" ("name", "date", "location", "event_info", "tickets_url", "image_url", "created_at", "updated_at") VALUES ($1, $2, $3, $4, $5, $6, $7, $8) RETURNING "id"[0m  [["name", "Rock show"], ["date", "09/02/2019"], ["location", "Bed Stuy"], ["event_info", "Hot new show from the hottest hot rock hot band"], ["tickets_url", "www.tickets.com"], ["image_url", "www.image.com"], ["created_at", "2019-06-03 16:55:06.527750"], ["updated_at", "2019-06-03 16:55:06.527750"]]
  ↳ app/controllers/gigs_controller.rb:16
  [1m[35m (0.7ms)[0m  [1m[35mCOMMIT[0m
  ↳ app/controllers/gigs_controller.rb:16
  [1m[36mGig Load (0.8ms)[0m  [1m[34mSELECT  "gigs".* FROM "gigs" LIMIT $1[0m  [["LIMIT", 11]]
  ↳ /Users/shaungay/.rbenv/versions/2.6.3/lib/ruby/gems/2.6.0/gems/activerecord-5.2.3/lib/active_record/log_subscriber.rb:98
  [1m[36mCACHE Gig Load (0.0ms)[0m  [1m[34mSELECT  "gigs".* FROM "gigs" LIMIT $1[0m  [["LIMIT", 11]]
  ↳ /Users/shaungay/.rbenv/versions/2.6.3/lib/ruby/gems/2.6.0/gems/activerecord-5.2.3/lib/active_record/log_subscriber.rb:98
Completed 500 Internal Server Error in 204ms (ActiveRecord: 168.3ms)


  
  [1m[36mCACHE Gig Load (0.0ms)[0m  [1m[34mSELECT  "gigs".* FROM "gigs" LIMIT $1[0m  [["LIMIT", 11]]
  ↳ /Users/shaungay/.rbenv/versions/2.6.3/lib/ruby/gems/2.6.0/gems/activerecord-5.2.3/lib/active_record/log_subscriber.rb:98
NameError (undefined local variable or method `gigs' for #<GigsController:0x00007fd2950d0ad8>
Did you mean?  @gigs
               @gig):
  
app/controllers/gigs_controller.rb:17:in `create'
  [1m[36mCACHE Gig Load (0.0ms)[0m  [1m[34mSELECT  "gigs".* FROM "gigs" LIMIT $1[0m  [["LIMIT", 11]]
  ↳ /Users/shaungay/.rbenv/versions/2.6.3/lib/ruby/gems/2.6.0/gems/activerecord-5.2.3/lib/active_record/log_subscriber.rb:98
Started POST "/gigs" for ::1 at 2019-06-03 12:57:23 -0400
Processing by GigsController#create as */*
  Parameters: {"name"=>"Rock show", "date"=>"09/02/2019", "location"=>"Bed Stuy", "event_info"=>"Hot new show from the hottest hot rock hot band", "tickets_url"=>"www.tickets.com", "image_url"=>"www.image.com", "gig"=>{"name"=>"Rock show", "date"=>"09/02/2019", "location"=>"Bed Stuy", "event_info"=>"Hot new show from the hottest hot rock hot band", "tickets_url"=>"www.tickets.com", "image_url"=>"www.image.com"}}
  [1m[35m (2.9ms)[0m  [1m[35mBEGIN[0m
  ↳ app/controllers/gigs_controller.rb:15
  [1m[36mGig Create (3.3ms)[0m  [1m[32mINSERT INTO "gigs" ("name", "date", "location", "event_info", "tickets_url", "image_url", "created_at", "updated_at") VALUES ($1, $2, $3, $4, $5, $6, $7, $8) RETURNING "id"[0m  [["name", "Rock show"], ["date", "09/02/2019"], ["location", "Bed Stuy"], ["event_info", "Hot new show from the hottest hot rock hot band"], ["tickets_url", "www.tickets.com"], ["image_url", "www.image.com"], ["created_at", "2019-06-03 16:57:23.604066"], ["updated_at", "2019-06-03 16:57:23.604066"]]
  ↳ app/controllers/gigs_controller.rb:15
  [1m[35m (2.4ms)[0m  [1m[35mCOMMIT[0m
  ↳ app/controllers/gigs_controller.rb:15
Completed 201 Created in 57ms (Views: 1.6ms | ActiveRecord: 25.5ms)


Started GET "/gigs/" for ::1 at 2019-06-03 12:57:33 -0400
Processing by GigsController#index as HTML
  [1m[36mGig Load (0.4ms)[0m  [1m[34mSELECT "gigs".* FROM "gigs"[0m
  ↳ app/controllers/gigs_controller.rb:4
Completed 200 OK in 4ms (Views: 3.0ms | ActiveRecord: 0.4ms)


Started GET "/gigs/" for ::1 at 2019-06-03 13:54:12 -0400
Processing by GigsController#index as HTML
  [1m[36mGig Load (41.2ms)[0m  [1m[34mSELECT "gigs".* FROM "gigs"[0m
  ↳ app/controllers/gigs_controller.rb:4
Completed 200 OK in 263ms (Views: 54.4ms | ActiveRecord: 194.3ms)


Started GET "/gigs" for ::1 at 2019-06-03 13:54:16 -0400
Processing by GigsController#index as HTML
  [1m[36mGig Load (0.7ms)[0m  [1m[34mSELECT "gigs".* FROM "gigs"[0m
  ↳ app/controllers/gigs_controller.rb:4
Completed 200 OK in 4ms (Views: 3.3ms | ActiveRecord: 0.7ms)


Started GET "/users" for ::1 at 2019-06-03 13:54:29 -0400
Processing by UsersController#index as HTML
  [1m[36mUser Load (55.2ms)[0m  [1m[34mSELECT "users".* FROM "users"[0m
  ↳ app/controllers/users_controller.rb:4
Completed 200 OK in 85ms (Views: 12.5ms | ActiveRecord: 63.7ms)


Started GET "/users/1/gigs" for ::1 at 2019-06-03 13:54:36 -0400
Processing by GigsController#index as HTML
  Parameters: {"user_id"=>"1"}
  [1m[36mGig Load (0.7ms)[0m  [1m[34mSELECT "gigs".* FROM "gigs"[0m
  ↳ app/controllers/gigs_controller.rb:4
Completed 200 OK in 6ms (Views: 4.5ms | ActiveRecord: 0.7ms)


Started GET "/users/2/gigs" for ::1 at 2019-06-03 13:55:06 -0400
Processing by GigsController#index as HTML
  Parameters: {"user_id"=>"2"}
  [1m[36mGig Load (3.4ms)[0m  [1m[34mSELECT "gigs".* FROM "gigs"[0m
  ↳ app/controllers/gigs_controller.rb:4
Completed 200 OK in 47ms (Views: 28.3ms | ActiveRecord: 3.4ms)


Started GET "/gigs/2/" for ::1 at 2019-06-03 13:55:18 -0400
Processing by GigsController#show as HTML
  Parameters: {"id"=>"2"}
  [1m[36mGig Load (22.2ms)[0m  [1m[34mSELECT  "gigs".* FROM "gigs" WHERE "gigs"."id" = $1 LIMIT $2[0m  [["id", 2], ["LIMIT", 1]]
  ↳ app/controllers/gigs_controller.rb:8
Completed 200 OK in 51ms (Views: 1.0ms | ActiveRecord: 23.0ms)


Started GET "/gigs/2/users" for ::1 at 2019-06-03 13:55:22 -0400
Processing by UsersController#index as HTML
  Parameters: {"gig_id"=>"2"}
  [1m[36mUser Load (1.0ms)[0m  [1m[34mSELECT "users".* FROM "users"[0m
  ↳ app/controllers/users_controller.rb:4
Completed 200 OK in 6ms (Views: 3.9ms | ActiveRecord: 1.0ms)


Started POST "/gigs" for ::1 at 2019-06-03 13:56:36 -0400
Processing by GigsController#create as */*
  Parameters: {"name"=>"Rock gig", "date"=>"09/05/2019", "location"=>"Bed Stuy", "event_info"=>"Hot new gig from the hottest hot rock hot band", "tickets_url"=>"www.tickets.com", "image_url"=>"www.image.com", "gig"=>{"name"=>"Rock gig", "date"=>"09/05/2019", "location"=>"Bed Stuy", "event_info"=>"Hot new gig from the hottest hot rock hot band", "tickets_url"=>"www.tickets.com", "image_url"=>"www.image.com"}}
  [1m[35m (31.4ms)[0m  [1m[35mBEGIN[0m
  ↳ app/controllers/gigs_controller.rb:15
  [1m[36mGig Create (64.6ms)[0m  [1m[32mINSERT INTO "gigs" ("name", "date", "location", "event_info", "tickets_url", "image_url", "created_at", "updated_at") VALUES ($1, $2, $3, $4, $5, $6, $7, $8) RETURNING "id"[0m  [["name", "Rock gig"], ["date", "09/05/2019"], ["location", "Bed Stuy"], ["event_info", "Hot new gig from the hottest hot rock hot band"], ["tickets_url", "www.tickets.com"], ["image_url", "www.image.com"], ["created_at", "2019-06-03 17:56:36.835234"], ["updated_at", "2019-06-03 17:56:36.835234"]]
  ↳ app/controllers/gigs_controller.rb:15
  [1m[35m (52.1ms)[0m  [1m[35mCOMMIT[0m
  ↳ app/controllers/gigs_controller.rb:15
Completed 201 Created in 178ms (Views: 2.7ms | ActiveRecord: 148.0ms)


Started GET "/gigs/2/users" for ::1 at 2019-06-03 13:59:41 -0400
Processing by UsersController#index as HTML
  Parameters: {"gig_id"=>"2"}
  [1m[36mUser Load (0.8ms)[0m  [1m[34mSELECT "users".* FROM "users"[0m
  ↳ app/controllers/users_controller.rb:4
Completed 200 OK in 40ms (Views: 10.0ms | ActiveRecord: 21.2ms)


Started GET "/users/2/gigs" for ::1 at 2019-06-03 13:59:54 -0400
Processing by GigsController#index as HTML
  Parameters: {"user_id"=>"2"}
  [1m[36mGig Load (0.8ms)[0m  [1m[34mSELECT "gigs".* FROM "gigs"[0m
  ↳ app/controllers/gigs_controller.rb:4
Completed 200 OK in 26ms (Views: 14.7ms | ActiveRecord: 4.4ms)


Started GET "/users/2/gigs" for ::1 at 2019-06-03 14:00:15 -0400
Processing by GigsController#index as HTML
  Parameters: {"user_id"=>"2"}
  [1m[36mGig Load (0.4ms)[0m  [1m[34mSELECT "gigs".* FROM "gigs"[0m
  ↳ app/controllers/gigs_controller.rb:4
Completed 200 OK in 25ms (Views: 13.9ms | ActiveRecord: 4.6ms)


Started GET "/users/2" for ::1 at 2019-06-03 14:00:17 -0400
Processing by UsersController#show as HTML
  Parameters: {"id"=>"2"}
Completed 404 Not Found in 14ms (ActiveRecord: 5.9ms)


  
ActiveRecord::RecordNotFound (Couldn't find User without an ID):
  
app/controllers/users_controller.rb:8:in `show'
Started GET "/users/2" for ::1 at 2019-06-03 14:00:44 -0400
Processing by UsersController#show as HTML
  Parameters: {"id"=>"2"}
Completed 500 Internal Server Error in 4ms (ActiveRecord: 0.0ms)


  
NoMethodError (undefined method `gigs' for nil:NilClass):
  
app/controllers/users_controller.rb:8:in `show'
Started GET "/users/2/gigs" for ::1 at 2019-06-03 14:00:50 -0400
Processing by GigsController#index as HTML
  Parameters: {"user_id"=>"2"}
  [1m[36mGig Load (0.6ms)[0m  [1m[34mSELECT "gigs".* FROM "gigs"[0m
  ↳ app/controllers/gigs_controller.rb:4
Completed 200 OK in 32ms (Views: 16.0ms | ActiveRecord: 7.1ms)


Started GET "/users/2" for ::1 at 2019-06-03 14:00:57 -0400
Processing by UsersController#show as HTML
  Parameters: {"id"=>"2"}
Completed 500 Internal Server Error in 2ms (ActiveRecord: 0.0ms)


  
NoMethodError (undefined method `gigs' for nil:NilClass):
  
app/controllers/users_controller.rb:8:in `show'
Started GET "/users/2" for ::1 at 2019-06-03 14:01:42 -0400
Processing by UsersController#show as HTML
  Parameters: {"id"=>"2"}
Completed 404 Not Found in 22ms (ActiveRecord: 7.6ms)


  
ActiveRecord::RecordNotFound (Couldn't find User without an ID):
  
app/controllers/users_controller.rb:8:in `show'
Started GET "/users/2" for ::1 at 2019-06-03 14:01:58 -0400
Processing by UsersController#show as HTML
  Parameters: {"id"=>"2"}
  [1m[36mUser Load (0.6ms)[0m  [1m[34mSELECT  "users".* FROM "users" WHERE "users"."id" = $1 LIMIT $2[0m  [["id", 2], ["LIMIT", 1]]
  ↳ app/controllers/users_controller.rb:8
  [1m[36mGig Load (35.7ms)[0m  [1m[34mSELECT "gigs".* FROM "gigs" INNER JOIN "gigs_users" ON "gigs"."id" = "gigs_users"."gig_id" WHERE "gigs_users"."user_id" = $1[0m  [["user_id", 2]]
  ↳ app/controllers/users_controller.rb:10
Completed 200 OK in 277ms (Views: 67.0ms | ActiveRecord: 45.9ms)


Started GET "/users/2/gigs" for ::1 at 2019-06-03 14:02:08 -0400
Processing by GigsController#index as HTML
  Parameters: {"user_id"=>"2"}
  [1m[36mGig Load (2.3ms)[0m  [1m[34mSELECT "gigs".* FROM "gigs"[0m
  ↳ app/controllers/gigs_controller.rb:4
Completed 200 OK in 7ms (Views: 4.5ms | ActiveRecord: 2.3ms)


Started GET "/users/2" for ::1 at 2019-06-03 14:02:30 -0400
  
SyntaxError (/Users/shaungay/Desktop/sei/unit_04/projects/show-host/rails_shows_api/app/controllers/users_controller.rb:10: syntax error, unexpected tSYMBEG, expecting do or '{' or '('
...gigs, include: :users, status :ok
...                              ^):
  
app/controllers/users_controller.rb:10: syntax error, unexpected tSYMBEG, expecting do or '{' or '('
Started GET "/users/2" for ::1 at 2019-06-03 14:02:36 -0400
Processing by UsersController#show as HTML
  Parameters: {"id"=>"2"}
  [1m[36mUser Load (0.6ms)[0m  [1m[34mSELECT  "users".* FROM "users" WHERE "users"."id" = $1 LIMIT $2[0m  [["id", 2], ["LIMIT", 1]]
  ↳ app/controllers/users_controller.rb:8
  [1m[36mGig Load (0.5ms)[0m  [1m[34mSELECT "gigs".* FROM "gigs" INNER JOIN "gigs_users" ON "gigs"."id" = "gigs_users"."gig_id" WHERE "gigs_users"."user_id" = $1[0m  [["user_id", 2]]
  ↳ app/controllers/users_controller.rb:10
  [1m[36mUser Load (0.4ms)[0m  [1m[34mSELECT "users".* FROM "users" INNER JOIN "gigs_users" ON "users"."id" = "gigs_users"."user_id" WHERE "gigs_users"."gig_id" = $1[0m  [["gig_id", 1]]
  ↳ app/controllers/users_controller.rb:10
Completed 200 OK in 70ms (Views: 19.5ms | ActiveRecord: 25.4ms)


